2025-09-12 09:28:35,424 [INFO] Activator:176 - 


2025-09-12 09:28:35,432 [INFO] Activator:177 - !SESSION log4j initialized
2025-09-12 09:28:42,675 [INFO] LogOutputStream:77 - [STDOUT_REDIRECT] 
2025-09-12 09:28:44,133 [INFO] ApplicationProperties:184 - Using Application install path: C:\ST\STM32CubeIDE_1.14.0\STM32CubeIDE\plugins\com.st.stm32cube.common.mx_6.10.0.202311202037
2025-09-12 09:28:44,161 [INFO] DbMcusXml:78 - Set database path to: C:\ST\STM32CubeIDE_1.14.0\STM32CubeIDE\plugins\com.st.stm32cube.common.mx_6.10.0.202311202037\\db\/mcu/
2025-09-12 09:28:44,161 [INFO] ApiDb:274 - Set plugin database path to: C:\ST\STM32CubeIDE_1.14.0\STM32CubeIDE\plugins\com.st.stm32cube.common.mx_6.10.0.202311202037\\db\/plugins/boardmanager/
2025-09-12 09:28:44,162 [WARN] ApiDb:259 - Overriding images path with different value:  => C:\ST\STM32CubeIDE_1.14.0\STM32CubeIDE\plugins\com.st.stm32cube.common.mx_6.10.0.202311202037\\db\/plugins/mcufinder/images/
2025-09-12 09:28:44,173 [INFO] ApiDb:250 - Set database path to: C:\Users\sfkfa\.stmcufinder\plugins\mcufinder//mcu/
2025-09-12 09:28:44,174 [INFO] DbMcusAds:125 - Set database path to: C:\Users\sfkfa\.stmcufinder\plugins\mcufinder//mcu/
2025-09-12 09:28:44,177 [INFO] CrossReferenceDbSqlite:203 - Set database path to: C:\Users\sfkfa\.stmcufinder\plugins\mcufinder//mcu/cs/
2025-09-12 09:28:44,334 [INFO] RulesReader:64 - Compatibility file has been processed (297 Rules)
2025-09-12 09:28:44,530 [INFO] DbMcusXml:78 - Set database path to: C:\ST\STM32CubeIDE_1.14.0\STM32CubeIDE\plugins\com.st.stm32cube.common.mx_6.10.0.202311202037\\db\/mcu/
2025-09-12 09:28:44,530 [INFO] ApiDb:274 - Set plugin database path to: C:\ST\STM32CubeIDE_1.14.0\STM32CubeIDE\plugins\com.st.stm32cube.common.mx_6.10.0.202311202037\\db\/plugins/boardmanager/
2025-09-12 09:28:44,530 [INFO] ApiDb:261 - Set plugin images path to: C:\ST\STM32CubeIDE_1.14.0\STM32CubeIDE\plugins\com.st.stm32cube.common.mx_6.10.0.202311202037\\db\/plugins/mcufinder/images/
2025-09-12 09:28:44,530 [WARN] DbFile:41 - Overriding database path with different value: C:\Users\sfkfa\.stmcufinder\plugins\mcufinder/ => C:\Users\sfkfa\.stmcufinder\plugins\mcufinder
2025-09-12 09:28:44,530 [INFO] ApiDb:250 - Set database path to: C:\Users\sfkfa\.stmcufinder\plugins\mcufinder//mcu/
2025-09-12 09:28:44,530 [WARN] DbFile:41 - Overriding database path with different value: C:\Users\sfkfa\.stmcufinder\plugins\mcufinder/ => C:\Users\sfkfa\.stmcufinder\plugins\mcufinder
2025-09-12 09:28:44,532 [INFO] DbMcusAds:125 - Set database path to: C:\Users\sfkfa\.stmcufinder\plugins\mcufinder//mcu/
2025-09-12 09:28:44,532 [WARN] DbFile:41 - Overriding database path with different value: C:\Users\sfkfa\.stmcufinder\plugins\mcufinder/ => C:\Users\sfkfa\.stmcufinder\plugins\mcufinder
2025-09-12 09:28:44,532 [WARN] DbFile:41 - Overriding database path with different value: C:\Users\sfkfa\.stmcufinder\plugins\mcufinder/ => C:\Users\sfkfa\.stmcufinder\plugins\mcufinder
2025-09-12 09:28:44,532 [INFO] CrossReferenceDbSqlite:203 - Set database path to: C:\Users\sfkfa\.stmcufinder\plugins\mcufinder//mcu/cs/
2025-09-12 09:28:44,648 [INFO] MainPanel:264 - HeapMemory: 268435456
2025-09-12 09:28:44,801 [INFO] DbMcusXml:78 - Set database path to: C:\ST\STM32CubeIDE_1.14.0\STM32CubeIDE\plugins\com.st.stm32cube.common.mx_6.10.0.202311202037\\db\/mcu/
2025-09-12 09:28:44,801 [INFO] ApiDb:274 - Set plugin database path to: C:\ST\STM32CubeIDE_1.14.0\STM32CubeIDE\plugins\com.st.stm32cube.common.mx_6.10.0.202311202037\\db\/plugins/boardmanager/
2025-09-12 09:28:44,801 [INFO] ApiDb:261 - Set plugin images path to: C:\ST\STM32CubeIDE_1.14.0\STM32CubeIDE\plugins\com.st.stm32cube.common.mx_6.10.0.202311202037\\db\/plugins/mcufinder/images/
2025-09-12 09:28:44,802 [WARN] DbFile:41 - Overriding database path with different value: C:\Users\sfkfa\.stmcufinder\plugins\mcufinder/ => C:\Users\sfkfa\.stmcufinder\plugins\mcufinder
2025-09-12 09:28:44,802 [INFO] ApiDb:250 - Set database path to: C:\Users\sfkfa\.stmcufinder\plugins\mcufinder//mcu/
2025-09-12 09:28:44,802 [WARN] DbFile:41 - Overriding database path with different value: C:\Users\sfkfa\.stmcufinder\plugins\mcufinder/ => C:\Users\sfkfa\.stmcufinder\plugins\mcufinder
2025-09-12 09:28:44,802 [INFO] DbMcusAds:125 - Set database path to: C:\Users\sfkfa\.stmcufinder\plugins\mcufinder//mcu/
2025-09-12 09:28:44,802 [WARN] DbFile:41 - Overriding database path with different value: C:\Users\sfkfa\.stmcufinder\plugins\mcufinder/ => C:\Users\sfkfa\.stmcufinder\plugins\mcufinder
2025-09-12 09:28:44,802 [WARN] DbFile:41 - Overriding database path with different value: C:\Users\sfkfa\.stmcufinder\plugins\mcufinder/ => C:\Users\sfkfa\.stmcufinder\plugins\mcufinder
2025-09-12 09:28:44,803 [INFO] CrossReferenceDbSqlite:203 - Set database path to: C:\Users\sfkfa\.stmcufinder\plugins\mcufinder//mcu/cs/
2025-09-12 09:28:44,834 [INFO] ApplicationProperties:184 - Using Application install path: C:\ST\STM32CubeIDE_1.14.0\STM32CubeIDE\plugins\com.st.stm32cube.common.mx_6.10.0.202311202037
2025-09-12 09:28:44,837 [INFO] PluginManage:196 - Search for loadable plugins [exclusion list=, ]
2025-09-12 09:28:44,839 [INFO] PluginManage:310 - Check plugin analytics
2025-09-12 09:28:45,105 [INFO] AnalyticsPlugin:253 - Accepted Software Licenses: 
2025-09-12 09:28:45,105 [INFO] AnalyticsPlugin:255 - Accepted CMSIS Pack Licenses: 
2025-09-12 09:28:45,106 [INFO] AnalyticsPlugin:257 - Accepted Firmware Licenses: FW.F4.1.28.0,FW.L4.1.18.0
2025-09-12 09:28:45,111 [INFO] PluginManage:359 - Loaded plugin analytics (category:tool,tabindex:-1)
2025-09-12 09:28:45,112 [INFO] PluginManage:310 - Check plugin cadmodel
2025-09-12 09:28:45,119 [INFO] CADModel:105 - Init CAD model plugin
2025-09-12 09:28:45,119 [INFO] PluginManage:359 - Loaded plugin cadmodel (category:power,tabindex:5)
2025-09-12 09:28:45,119 [INFO] PluginManage:310 - Check plugin clock
2025-09-12 09:28:45,135 [INFO] PluginManage:359 - Loaded plugin clock (category:base,tabindex:2)
2025-09-12 09:28:45,135 [INFO] PluginManage:310 - Check plugin ddr
2025-09-12 09:28:45,138 [INFO] PluginManage:359 - Loaded plugin ddr (category:tool,tabindex:6)
2025-09-12 09:28:45,139 [INFO] PluginManage:310 - Check plugin filemanager
2025-09-12 09:28:45,361 [INFO] PluginManage:359 - Loaded plugin filemanager (category:base,tabindex:10)
2025-09-12 09:28:45,361 [INFO] PluginManage:310 - Check plugin ipmanager
2025-09-12 09:28:45,378 [INFO] PluginManage:359 - Loaded plugin ipmanager (category:base,tabindex:5)
2025-09-12 09:28:45,378 [INFO] PluginManage:310 - Check plugin lpbam
2025-09-12 09:28:45,391 [INFO] PluginManage:359 - Loaded plugin lpbam (category:base,tabindex:0)
2025-09-12 09:28:45,391 [INFO] PluginManage:310 - Check plugin memorymap
2025-09-12 09:28:45,412 [INFO] PluginManage:359 - Loaded plugin memorymap (category:base,tabindex:4)
2025-09-12 09:28:45,412 [INFO] PluginManage:310 - Check plugin pinoutandconfiguration
2025-09-12 09:28:45,423 [INFO] PluginManage:359 - Loaded plugin pinoutandconfiguration (category:base,tabindex:1)
2025-09-12 09:28:45,423 [INFO] PluginManage:310 - Check plugin pinoutconfig
2025-09-12 09:28:45,561 [WARN] SupportedApi:132 - Cannot load RTOS API schema: s4s-elt-must-match.1: The content of 'definitions' must match (annotation?, (simpleType | complexType)?, (unique | key | keyref)*)). A problem was found starting at: attribute.
2025-09-12 09:28:45,746 [INFO] PluginManage:359 - Loaded plugin pinoutconfig (category:base,tabindex:0)
2025-09-12 09:28:45,746 [INFO] PluginManage:310 - Check plugin power
2025-09-12 09:28:45,763 [INFO] PluginManage:359 - Loaded plugin power (category:power,tabindex:4)
2025-09-12 09:28:45,763 [INFO] PluginManage:310 - Check plugin projectmanager
2025-09-12 09:28:45,791 [INFO] PluginManage:359 - Loaded plugin projectmanager (category:projectmanager,tabindex:3)
2025-09-12 09:28:45,791 [INFO] PluginManage:310 - Check plugin thirdparty
2025-09-12 09:28:45,986 [INFO] PluginManage:359 - Loaded plugin thirdparty (category:base,tabindex:-1)
2025-09-12 09:28:45,986 [WARN] IntegrityCheckThread:84 - waiting for thirdparty lock release [integrity check]
2025-09-12 09:28:45,986 [INFO] PluginManage:310 - Check plugin tools
2025-09-12 09:28:45,986 [INFO] IntegrityCheckThread:86 - entering critical section [integrity check]
2025-09-12 09:28:45,987 [INFO] ThirdPartyUpdaterWithRetryManager:70 - Updater plugin not ready yet. [1/15]
2025-09-12 09:28:45,990 [INFO] PluginManage:359 - Loaded plugin tools (category:base,tabindex:7)
2025-09-12 09:28:45,990 [INFO] PluginManage:310 - Check plugin tutovideos
2025-09-12 09:28:46,246 [INFO] PluginManage:359 - Loaded plugin tutovideos (category:base,tabindex:-1)
2025-09-12 09:28:46,246 [INFO] PluginManage:310 - Check plugin updater
2025-09-12 09:28:46,259 [INFO] PluginManage:359 - Loaded plugin updater (category:base,tabindex:12)
2025-09-12 09:28:46,260 [INFO] PluginManage:310 - Check plugin userauth
2025-09-12 09:28:46,266 [INFO] UserAuth:114 - Init User Auth plugin
2025-09-12 09:28:46,266 [INFO] PluginManage:359 - Loaded plugin userauth (category:base,tabindex:14)
2025-09-12 09:28:46,267 [INFO] PluginManage:283 - PluginManage : Loaded plugins [17]
2025-09-12 09:28:46,599 [INFO] PinOutPanel:1499 - setPackage(No Configuration,No Configuration)
2025-09-12 09:28:46,716 [INFO] CADModel:165 - CPN selected for project level
2025-09-12 09:28:46,716 [INFO] CADModel:114 - Register for checkConnection events
2025-09-12 09:28:46,743 [INFO] IPUIPlugin:80 - create IPUIPlugin
2025-09-12 09:28:46,743 [INFO] PluginManager:220 - loadIPPluginJar : add adc
2025-09-12 09:28:46,746 [INFO] IPUIPlugin:80 - create IPUIPlugin
2025-09-12 09:28:46,746 [INFO] PluginManager:220 - loadIPPluginJar : add aes
2025-09-12 09:28:46,749 [INFO] IPUIPlugin:80 - create IPUIPlugin
2025-09-12 09:28:46,749 [INFO] PluginManager:220 - loadIPPluginJar : add can
2025-09-12 09:28:46,752 [INFO] IPUIPlugin:80 - create IPUIPlugin
2025-09-12 09:28:46,752 [INFO] PluginManager:220 - loadIPPluginJar : add comp
2025-09-12 09:28:46,756 [INFO] IPUIPlugin:80 - create IPUIPlugin
2025-09-12 09:28:46,756 [INFO] PluginManager:220 - loadIPPluginJar : add cryp
2025-09-12 09:28:46,761 [INFO] IPUIPlugin:80 - create IPUIPlugin
2025-09-12 09:28:46,761 [INFO] PluginManager:220 - loadIPPluginJar : add dfsdm
2025-09-12 09:28:46,770 [INFO] IPUIPlugin:80 - create IPUIPlugin
2025-09-12 09:28:46,770 [INFO] PluginManager:220 - loadIPPluginJar : add dma
2025-09-12 09:28:46,774 [INFO] IPUIPlugin:80 - create IPUIPlugin
2025-09-12 09:28:46,774 [INFO] PluginManager:220 - loadIPPluginJar : add dma3
2025-09-12 09:28:46,777 [INFO] IPUIPlugin:80 - create IPUIPlugin
2025-09-12 09:28:46,777 [INFO] PluginManager:220 - loadIPPluginJar : add fatfs
2025-09-12 09:28:46,784 [INFO] IPUIPlugin:80 - create IPUIPlugin
2025-09-12 09:28:46,784 [INFO] PluginManager:220 - loadIPPluginJar : add fmc
2025-09-12 09:28:46,791 [INFO] IPUIPlugin:80 - create IPUIPlugin
2025-09-12 09:28:46,793 [INFO] PluginManager:220 - loadIPPluginJar : add freertos
2025-09-12 09:28:46,795 [INFO] IPUIPlugin:80 - create IPUIPlugin
2025-09-12 09:28:46,795 [INFO] PluginManager:220 - loadIPPluginJar : add genericplugin
2025-09-12 09:28:46,801 [INFO] IPUIPlugin:80 - create IPUIPlugin
2025-09-12 09:28:46,801 [INFO] PluginManager:220 - loadIPPluginJar : add gfxmmu
2025-09-12 09:28:46,809 [INFO] IPUIPlugin:80 - create IPUIPlugin
2025-09-12 09:28:46,810 [INFO] PluginManager:220 - loadIPPluginJar : add gic
2025-09-12 09:28:46,817 [INFO] IPUIPlugin:80 - create IPUIPlugin
2025-09-12 09:28:46,818 [INFO] PluginManager:220 - loadIPPluginJar : add gpio
2025-09-12 09:28:46,821 [INFO] IPUIPlugin:80 - create IPUIPlugin
2025-09-12 09:28:46,822 [INFO] PluginManager:220 - loadIPPluginJar : add gtzc
2025-09-12 09:28:46,826 [INFO] IPUIPlugin:80 - create IPUIPlugin
2025-09-12 09:28:46,826 [INFO] PluginManager:220 - loadIPPluginJar : add hash
2025-09-12 09:28:46,833 [INFO] IPUIPlugin:80 - create IPUIPlugin
2025-09-12 09:28:46,833 [INFO] PluginManager:220 - loadIPPluginJar : add i2c
2025-09-12 09:28:46,837 [INFO] IPUIPlugin:80 - create IPUIPlugin
2025-09-12 09:28:46,838 [INFO] PluginManager:220 - loadIPPluginJar : add i2s
2025-09-12 09:28:46,843 [INFO] IPUIPlugin:80 - create IPUIPlugin
2025-09-12 09:28:46,843 [INFO] PluginManager:220 - loadIPPluginJar : add i3c
2025-09-12 09:28:46,849 [INFO] IPUIPlugin:80 - create IPUIPlugin
2025-09-12 09:28:46,849 [INFO] PluginManager:220 - loadIPPluginJar : add ipddr
2025-09-12 09:28:46,860 [INFO] IPUIPlugin:80 - create IPUIPlugin
2025-09-12 09:28:46,861 [INFO] PluginManager:220 - loadIPPluginJar : add linkedlist
2025-09-12 09:28:46,864 [INFO] IPUIPlugin:80 - create IPUIPlugin
2025-09-12 09:28:46,864 [INFO] PluginManager:220 - loadIPPluginJar : add lorawan
2025-09-12 09:28:46,868 [INFO] IPUIPlugin:80 - create IPUIPlugin
2025-09-12 09:28:46,868 [INFO] PluginManager:220 - loadIPPluginJar : add ltdc
2025-09-12 09:28:46,875 [INFO] IPUIPlugin:80 - create IPUIPlugin
2025-09-12 09:28:46,875 [INFO] PluginManager:220 - loadIPPluginJar : add mdma
2025-09-12 09:28:46,881 [INFO] IPUIPlugin:80 - create IPUIPlugin
2025-09-12 09:28:46,881 [INFO] PluginManager:220 - loadIPPluginJar : add nvic
2025-09-12 09:28:46,886 [INFO] IPUIPlugin:80 - create IPUIPlugin
2025-09-12 09:28:46,886 [INFO] PluginManager:220 - loadIPPluginJar : add opamp
2025-09-12 09:28:46,890 [INFO] IPUIPlugin:80 - create IPUIPlugin
2025-09-12 09:28:46,890 [INFO] PluginManager:220 - loadIPPluginJar : add openamp
2025-09-12 09:28:46,895 [INFO] IPUIPlugin:80 - create IPUIPlugin
2025-09-12 09:28:46,895 [INFO] PluginManager:220 - loadIPPluginJar : add pdm2pcm
2025-09-12 09:28:46,903 [INFO] IPUIPlugin:80 - create IPUIPlugin
2025-09-12 09:28:46,907 [INFO] PluginManager:220 - loadIPPluginJar : add plateformsettings
2025-09-12 09:28:46,909 [INFO] IPUIPlugin:80 - create IPUIPlugin
2025-09-12 09:28:46,909 [INFO] PluginManager:220 - loadIPPluginJar : add quadspi
2025-09-12 09:28:46,914 [INFO] IPUIPlugin:80 - create IPUIPlugin
2025-09-12 09:28:46,914 [INFO] PluginManager:220 - loadIPPluginJar : add resmgrutility
2025-09-12 09:28:46,917 [INFO] IPUIPlugin:80 - create IPUIPlugin
2025-09-12 09:28:46,917 [INFO] PluginManager:220 - loadIPPluginJar : add sai
2025-09-12 09:28:46,920 [INFO] IPUIPlugin:80 - create IPUIPlugin
2025-09-12 09:28:46,920 [INFO] PluginManager:220 - loadIPPluginJar : add spi
2025-09-12 09:28:46,926 [INFO] IPUIPlugin:80 - create IPUIPlugin
2025-09-12 09:28:46,926 [INFO] PluginManager:220 - loadIPPluginJar : add stm32_wpan
2025-09-12 09:28:46,928 [INFO] IPUIPlugin:80 - create IPUIPlugin
2025-09-12 09:28:46,928 [INFO] PluginManager:220 - loadIPPluginJar : add tim
2025-09-12 09:28:46,932 [INFO] IPUIPlugin:80 - create IPUIPlugin
2025-09-12 09:28:46,932 [INFO] PluginManager:220 - loadIPPluginJar : add touchsensing
2025-09-12 09:28:46,934 [INFO] IPUIPlugin:80 - create IPUIPlugin
2025-09-12 09:28:46,934 [INFO] PluginManager:220 - loadIPPluginJar : add tracer_emb
2025-09-12 09:28:46,936 [INFO] IPUIPlugin:80 - create IPUIPlugin
2025-09-12 09:28:46,936 [INFO] PluginManager:220 - loadIPPluginJar : add ts
2025-09-12 09:28:46,938 [INFO] IPUIPlugin:80 - create IPUIPlugin
2025-09-12 09:28:46,938 [INFO] PluginManager:220 - loadIPPluginJar : add tsc
2025-09-12 09:28:46,941 [INFO] IPUIPlugin:80 - create IPUIPlugin
2025-09-12 09:28:46,941 [INFO] PluginManager:220 - loadIPPluginJar : add ucpd
2025-09-12 09:28:46,943 [INFO] IPUIPlugin:80 - create IPUIPlugin
2025-09-12 09:28:46,943 [INFO] PluginManager:220 - loadIPPluginJar : add usart
2025-09-12 09:28:46,947 [INFO] IPUIPlugin:80 - create IPUIPlugin
2025-09-12 09:28:46,947 [INFO] PluginManager:220 - loadIPPluginJar : add usbx
2025-09-12 09:28:47,093 [INFO] CADModel:165 - CPN selected for project level
2025-09-12 09:28:47,093 [INFO] CADModel:114 - Register for checkConnection events
2025-09-12 09:28:47,094 [FATAL] Updater:308 - Updater called before beeing initialized
2025-09-12 09:28:47,094 [ERROR] CADModel:125 - Updater not yet initialized, retry later 
2025-09-12 09:28:47,321 [INFO] CADModel:165 - CPN selected for project level
2025-09-12 09:28:47,321 [INFO] CADModel:114 - Register for checkConnection events
2025-09-12 09:28:47,321 [FATAL] Updater:308 - Updater called before beeing initialized
2025-09-12 09:28:47,322 [ERROR] CADModel:125 - Updater not yet initialized, retry later 
2025-09-12 09:28:47,328 [FATAL] Updater:308 - Updater called before beeing initialized
2025-09-12 09:28:47,490 [FATAL] Updater:308 - Updater called before beeing initialized
2025-09-12 09:28:47,495 [INFO] DbMcusAds:53 - JSON generation date=Tue Jul 08 13:44:23 IST 2025 (1751962463582)
2025-09-12 09:28:47,495 [FATAL] Updater:308 - Updater called before beeing initialized
2025-09-12 09:28:47,543 [WARN] DetailPanel:346 - Failed to get advertising image, set to default
2025-09-12 09:28:47,682 [FATAL] Updater:308 - Updater called before beeing initialized
2025-09-12 09:28:47,684 [FATAL] Updater:308 - Updater called before beeing initialized
2025-09-12 09:28:47,684 [FATAL] Updater:308 - Updater called before beeing initialized
2025-09-12 09:28:47,684 [WARN] DetailPanel:346 - Failed to get advertising image, set to default
2025-09-12 09:28:47,685 [FATAL] Updater:308 - Updater called before beeing initialized
2025-09-12 09:28:47,744 [ERROR] Updater:1120 - MainUpdater not yet initialized. External WinMGr cannot be set.
2025-09-12 09:28:47,747 [INFO] Updater:1056 - Updater Version found : 6.10.0
2025-09-12 09:28:47,768 [INFO] ApplicationProperties:184 - Using Application install path: C:\ST\STM32CubeIDE_1.14.0\STM32CubeIDE\plugins\com.st.stm32cube.common.mx_6.10.0.202311202037
2025-09-12 09:28:48,288 [INFO] MainUpdater:2873 - connection check result : 10
2025-09-12 09:28:48,289 [INFO] MainUpdater:290 - Updater Check For Update Now.
2025-09-12 09:28:48,290 [INFO] MicroXplorer:498 - Change Database Version : DB.6.0.100
2025-09-12 09:28:48,306 [INFO] McuFinderGlobals:63 - Set McuFinder mode to 2 (CubeIDE integrated)
2025-09-12 09:28:48,526 [INFO] CheckServerUpdateThread:120 - End of CheckServer Thread
2025-09-12 09:28:49,379 [WARN] PackLoader:240 - Cannot read IP mode file for STMicroelectronics.FP-SNS-MOTENVWB1.1.4.0
2025-09-12 09:28:49,386 [INFO] UserAuth:404 - Internet connection configuration mode: 1
2025-09-12 09:28:49,392 [WARN] PackLoader:240 - Cannot read IP mode file for STMicroelectronics.FP-ATR-ASTRA1.2.0.2
2025-09-12 09:28:49,399 [WARN] PackLoader:240 - Cannot read IP mode file for STMicroelectronics.FP-ATR-ASTRA1.2.0.1
2025-09-12 09:28:49,414 [WARN] PackLoader:240 - Cannot read IP mode file for STMicroelectronics.X-CUBE-SMBUS.2.1.0
2025-09-12 09:28:49,421 [INFO] JxBrowserEngine:152 - Initiate JxBrowser Engine with user profile folder
2025-09-12 09:28:49,427 [WARN] PackLoader:240 - Cannot read IP mode file for STMicroelectronics.X-CUBE-WB05N.1.1.0
2025-09-12 09:28:49,433 [ERROR] Engine:466 - C:\Users\sfkfa\.stm32cubemx\thirdparties\pdsc\STMicroelectronics.X-CUBE-ST60.1.0.0.pdsc: PDSC version is not supported
2025-09-12 09:28:49,441 [WARN] PackLoader:240 - Cannot read IP mode file for STMicroelectronics.X-CUBE-TOUCHGFX.4.23.1
2025-09-12 09:28:49,481 [WARN] PackLoader:240 - Cannot read IP mode file for STMicroelectronics.X-CUBE-AZRTOS-F7.1.1.0
2025-09-12 09:28:49,496 [WARN] PackLoader:240 - Cannot read IP mode file for STMicroelectronics.FP-SNS-MOTENV1.4.3.2
2025-09-12 09:28:49,572 [WARN] PackLoader:240 - Cannot read IP mode file for STMicroelectronics.X-CUBE-MEMS1.11.0.0
2025-09-12 09:28:49,739 [WARN] PackLoader:240 - Cannot read IP mode file for STMicroelectronics.FP-SNS-FLIGHT1.5.0.2
2025-09-12 09:28:49,769 [WARN] PackLoader:240 - Cannot read IP mode file for STMicroelectronics.X-CUBE-AZRTOS-H7.3.4.0
2025-09-12 09:28:49,785 [WARN] PackLoader:240 - Cannot read IP mode file for STMicroelectronics.X-CUBE-DISPLAY.3.0.0
2025-09-12 09:28:49,802 [WARN] PackLoader:240 - Cannot read IP mode file for STMicroelectronics.X-CUBE-BLE1.7.0.0
2025-09-12 09:28:49,813 [WARN] PackLoader:240 - Cannot read IP mode file for STMicroelectronics.X-CUBE-NFC10.1.0.0
2025-09-12 09:28:49,829 [WARN] PackLoader:240 - Cannot read IP mode file for STMicroelectronics.X-CUBE-BLEMGR.4.0.0
2025-09-12 09:28:49,843 [WARN] PackLoader:240 - Cannot read IP mode file for emotas.I-CUBE-CANOPEN.1.3.0
2025-09-12 09:28:49,854 [WARN] PackLoader:240 - Cannot read IP mode file for STMicroelectronics.X-CUBE-BLEMGR.3.1.0
2025-09-12 09:28:49,864 [WARN] PackLoader:240 - Cannot read IP mode file for STMicroelectronics.X-CUBE-AI.10.0.0
2025-09-12 09:28:49,870 [ERROR] Engine:466 - C:\Users\sfkfa\.stm32cubemx\thirdparties\pdsc\STMicroelectronics.FP-SNS-STBOX1.2.1.0.pdsc: PDSC version is not supported
2025-09-12 09:28:49,877 [WARN] PackLoader:240 - Cannot read IP mode file for STMicroelectronics.FP-SNS-SMARTAG2.1.2.0
2025-09-12 09:28:49,881 [ERROR] Engine:466 - C:\Users\sfkfa\.stm32cubemx\thirdparties\pdsc\STMicroelectronics.FP-SNS-FLIGHT1.5.1.0.pdsc: PDSC version is not supported
2025-09-12 09:28:49,952 [WARN] PackLoader:240 - Cannot read IP mode file for STMicroelectronics.X-CUBE-MEMS1.11.1.0
2025-09-12 09:28:50,106 [INFO] LogOutputStream:77 - [STDOUT_REDIRECT] 1 : Invalid condition id : UX_CORESTACK_Condition cause : null
2025-09-12 09:28:50,107 [INFO] LogOutputStream:77 - [STDOUT_REDIRECT] 1 : Invalid condition id : UX_CORESTACK_Condition cause : null
2025-09-12 09:28:50,109 [INFO] LogOutputStream:77 - [STDOUT_REDIRECT] 1 : Invalid condition id : UX_CORESTACK_Condition cause : null
2025-09-12 09:28:50,110 [INFO] LogOutputStream:77 - [STDOUT_REDIRECT] 1 : Invalid condition id : UX_CORESTACK_Condition cause : null
2025-09-12 09:28:50,111 [INFO] LogOutputStream:77 - [STDOUT_REDIRECT] 1 : Invalid condition id : UX_CORESTACK_Condition cause : null
2025-09-12 09:28:50,116 [WARN] PackLoader:240 - Cannot read IP mode file for STMicroelectronics.X-CUBE-AZRTOS-WL.2.0.0
2025-09-12 09:28:50,126 [WARN] PackLoader:240 - Cannot read IP mode file for STMicroelectronics.FP-SNS-MOTENV1.5.0.0
2025-09-12 09:28:50,137 [WARN] PackLoader:240 - Cannot read IP mode file for wolfSSL.I-CUBE-wolfMQTT.1.19.0
2025-09-12 09:28:50,150 [WARN] PackLoader:240 - Cannot read IP mode file for WES.I-CUBE-Cesium.1.3.0
2025-09-12 09:28:50,159 [WARN] PackLoader:240 - Cannot read IP mode file for STMicroelectronics.X-CUBE-BLE2.3.3.0
2025-09-12 09:28:50,168 [WARN] PackLoader:240 - Cannot read IP mode file for STMicroelectronics.X-CUBE-NFC9.1.0.0
2025-09-12 09:28:50,181 [WARN] PackLoader:240 - Cannot read IP mode file for STMicroelectronics.X-CUBE-BLE1.7.1.0
2025-09-12 09:28:50,189 [WARN] PackLoader:240 - Cannot read IP mode file for STMicroelectronics.X-CUBE-TCPP.4.1.0
2025-09-12 09:28:50,199 [WARN] PackLoader:240 - Cannot read IP mode file for STMicroelectronics.X-CUBE-EEPRMA1.5.2.0
2025-09-12 09:28:50,210 [WARN] PackLoader:240 - Cannot read IP mode file for STMicroelectronics.X-CUBE-ALGOBUILD.1.3.0
2025-09-12 09:28:50,278 [WARN] PackLoader:240 - Cannot read IP mode file for STMicroelectronics.X-CUBE-MEMS1.11.2.0
2025-09-12 09:28:50,452 [WARN] PackLoader:240 - Cannot read IP mode file for STMicroelectronics.X-CUBE-AZRTOS-G0.1.1.0
2025-09-12 09:28:50,465 [WARN] PackLoader:240 - Cannot read IP mode file for STMicroelectronics.X-CUBE-SAFEA1.1.2.2
2025-09-12 09:28:50,478 [WARN] PackLoader:240 - Cannot read IP mode file for STMicroelectronics.X-CUBE-NFC4.3.0.0
2025-09-12 09:28:50,498 [WARN] PackLoader:240 - Cannot read IP mode file for EmbeddedOffice.I-CUBE-FS-RTOS.1.0.1
2025-09-12 09:28:50,499 [ERROR] ConditionMgr:805 - Attr not supported : Dmpu
2025-09-12 09:28:50,500 [ERROR] ConditionMgr:805 - Attr not supported : Dmpu
2025-09-12 09:28:50,500 [ERROR] ConditionMgr:805 - Attr not supported : Dmpu
2025-09-12 09:28:50,500 [ERROR] ConditionMgr:805 - Attr not supported : Dmpu
2025-09-12 09:28:50,500 [ERROR] ConditionMgr:805 - Attr not supported : Dmpu
2025-09-12 09:28:50,500 [ERROR] ConditionMgr:805 - Attr not supported : Dmpu
2025-09-12 09:28:50,500 [ERROR] ConditionMgr:805 - Attr not supported : Dmpu
2025-09-12 09:28:50,500 [ERROR] ConditionMgr:805 - Attr not supported : Dmpu
2025-09-12 09:28:50,500 [ERROR] ConditionMgr:805 - Attr not supported : Dmpu
2025-09-12 09:28:50,500 [ERROR] ConditionMgr:805 - Attr not supported : Dmpu
2025-09-12 09:28:50,500 [ERROR] ConditionMgr:805 - Attr not supported : Dmpu
2025-09-12 09:28:50,500 [ERROR] ConditionMgr:805 - Attr not supported : Dmpu
2025-09-12 09:28:50,501 [ERROR] ConditionMgr:805 - Attr not supported : Dmpu
2025-09-12 09:28:50,501 [ERROR] ConditionMgr:805 - Attr not supported : Dmpu
2025-09-12 09:28:50,501 [ERROR] ConditionMgr:805 - Attr not supported : Dmpu
2025-09-12 09:28:50,501 [ERROR] ConditionMgr:805 - Attr not supported : Dmpu
2025-09-12 09:28:50,501 [ERROR] ConditionMgr:805 - Attr not supported : Dmpu
2025-09-12 09:28:50,501 [ERROR] ConditionMgr:805 - Attr not supported : Dmpu
2025-09-12 09:28:50,501 [ERROR] ConditionMgr:805 - Attr not supported : Dmpu
2025-09-12 09:28:50,501 [ERROR] ConditionMgr:805 - Attr not supported : Dmpu
2025-09-12 09:28:50,501 [ERROR] ConditionMgr:805 - Attr not supported : Dmpu
2025-09-12 09:28:50,501 [ERROR] ConditionMgr:805 - Attr not supported : Dmpu
2025-09-12 09:28:50,501 [ERROR] ConditionMgr:805 - Attr not supported : Dmpu
2025-09-12 09:28:50,501 [ERROR] ConditionMgr:805 - Attr not supported : Dmpu
2025-09-12 09:28:50,501 [ERROR] ConditionMgr:805 - Attr not supported : Dmpu
2025-09-12 09:28:50,503 [ERROR] ConditionMgr:805 - Attr not supported : Dmpu
2025-09-12 09:28:50,503 [ERROR] ConditionMgr:805 - Attr not supported : Dmpu
2025-09-12 09:28:50,503 [ERROR] ConditionMgr:805 - Attr not supported : Dmpu
2025-09-12 09:28:50,503 [ERROR] ConditionMgr:805 - Attr not supported : Dmpu
2025-09-12 09:28:50,503 [ERROR] ConditionMgr:805 - Attr not supported : Dmpu
2025-09-12 09:28:50,503 [ERROR] ConditionMgr:805 - Attr not supported : Dmpu
2025-09-12 09:28:50,503 [ERROR] ConditionMgr:805 - Attr not supported : Dmpu
2025-09-12 09:28:50,503 [ERROR] ConditionMgr:805 - Attr not supported : Dmpu
2025-09-12 09:28:50,503 [ERROR] ConditionMgr:805 - Attr not supported : Dmpu
2025-09-12 09:28:50,504 [ERROR] ConditionMgr:805 - Attr not supported : Dmpu
2025-09-12 09:28:50,504 [ERROR] ConditionMgr:805 - Attr not supported : Dmpu
2025-09-12 09:28:50,504 [ERROR] ConditionMgr:805 - Attr not supported : Dmpu
2025-09-12 09:28:50,504 [ERROR] ConditionMgr:805 - Attr not supported : Dmpu
2025-09-12 09:28:50,504 [ERROR] ConditionMgr:805 - Attr not supported : Dmpu
2025-09-12 09:28:50,504 [ERROR] ConditionMgr:805 - Attr not supported : Dmpu
2025-09-12 09:28:50,504 [ERROR] ConditionMgr:805 - Attr not supported : Dmpu
2025-09-12 09:28:50,504 [ERROR] ConditionMgr:805 - Attr not supported : Dmpu
2025-09-12 09:28:50,504 [ERROR] ConditionMgr:805 - Attr not supported : Dmpu
2025-09-12 09:28:50,505 [ERROR] ConditionMgr:805 - Attr not supported : Dmpu
2025-09-12 09:28:50,505 [ERROR] ConditionMgr:805 - Attr not supported : Dmpu
2025-09-12 09:28:50,505 [ERROR] ConditionMgr:805 - Attr not supported : Dmpu
2025-09-12 09:28:50,505 [ERROR] ConditionMgr:805 - Attr not supported : Dmpu
2025-09-12 09:28:50,505 [ERROR] ConditionMgr:805 - Attr not supported : Dmpu
2025-09-12 09:28:50,505 [ERROR] ConditionMgr:805 - Attr not supported : Dmpu
2025-09-12 09:28:50,505 [ERROR] ConditionMgr:805 - Attr not supported : Dmpu
2025-09-12 09:28:50,505 [ERROR] ConditionMgr:805 - Attr not supported : Dmpu
2025-09-12 09:28:50,505 [ERROR] ConditionMgr:805 - Attr not supported : Dmpu
2025-09-12 09:28:50,505 [ERROR] ConditionMgr:805 - Attr not supported : Dmpu
2025-09-12 09:28:50,506 [ERROR] ConditionMgr:805 - Attr not supported : Dmpu
2025-09-12 09:28:50,506 [ERROR] ConditionMgr:805 - Attr not supported : Dmpu
2025-09-12 09:28:50,506 [ERROR] ConditionMgr:805 - Attr not supported : Dmpu
2025-09-12 09:28:50,506 [ERROR] ConditionMgr:805 - Attr not supported : Dmpu
2025-09-12 09:28:50,506 [ERROR] ConditionMgr:805 - Attr not supported : Dmpu
2025-09-12 09:28:50,506 [ERROR] ConditionMgr:805 - Attr not supported : Dmpu
2025-09-12 09:28:50,506 [ERROR] ConditionMgr:805 - Attr not supported : Dmpu
2025-09-12 09:28:50,506 [ERROR] ConditionMgr:805 - Attr not supported : Dmpu
2025-09-12 09:28:50,506 [ERROR] ConditionMgr:805 - Attr not supported : Dmpu
2025-09-12 09:28:50,506 [ERROR] ConditionMgr:805 - Attr not supported : Dmpu
2025-09-12 09:28:50,507 [ERROR] ConditionMgr:805 - Attr not supported : Dmpu
2025-09-12 09:28:50,514 [WARN] PackLoader:240 - Cannot read IP mode file for STMicroelectronics.X-CUBE-WB05N.2.0.0
2025-09-12 09:28:50,529 [WARN] PackLoader:240 - Cannot read IP mode file for STMicroelectronics.X-CUBE-BLEMGR.3.0.0
2025-09-12 09:28:50,537 [ERROR] Engine:466 - C:\Users\sfkfa\.stm32cubemx\thirdparties\pdsc\STMicroelectronics.X-CUBE-TCPP.4.2.0.pdsc: PDSC version is not supported
2025-09-12 09:28:50,547 [WARN] PackLoader:240 - Cannot read IP mode file for RealThread.X-CUBE-RT-Thread_Nano.4.1.1
2025-09-12 09:28:50,554 [WARN] PackLoader:240 - Cannot read IP mode file for wolfSSL.I-CUBE-wolfSSL.5.7.0
2025-09-12 09:28:50,562 [WARN] PackLoader:240 - Cannot read IP mode file for STMicroelectronics.FP-ATR-SIGFOX1.3.2.0
2025-09-12 09:28:50,573 [WARN] ConditionMgr:438 - getConditionDescription Invalid condition id : Cortex-A Device cause : null
2025-09-12 09:28:50,599 [WARN] ConditionMgr:1039 - genDependencies : Invalid condition id : Cortex-A Device cause : null
2025-09-12 09:28:50,600 [WARN] ConditionMgr:1039 - genDependencies : Invalid condition id : Cortex-A Device cause : null
2025-09-12 09:28:50,600 [WARN] ConditionMgr:1039 - genDependencies : Invalid condition id : Cortex-A Device cause : null
2025-09-12 09:28:50,610 [WARN] PackLoader:240 - Cannot read IP mode file for STMicroelectronics.X-CUBE-EEPRMA1.5.1.0
2025-09-12 09:28:50,625 [WARN] PackLoader:240 - Cannot read IP mode file for ITTIA_DB.I-CUBE-ITTIADB.8.9.0
2025-09-12 09:28:50,629 [ERROR] Engine:466 - C:\Users\sfkfa\.stm32cubemx\thirdparties\pdsc\STMicroelectronics.X-CUBE-ST67W61.1.0.0.pdsc: PDSC version is not supported
2025-09-12 09:28:50,636 [WARN] PackLoader:240 - Cannot read IP mode file for STMicroelectronics.X-CUBE-AI.10.2.0
2025-09-12 09:28:50,667 [WARN] PackLoader:240 - Cannot read IP mode file for SEGGER.I-CUBE-embOS.1.3.1
2025-09-12 09:28:50,707 [WARN] PackLoader:240 - Cannot read IP mode file for STMicroelectronics.X-CUBE-ALGOBUILD.1.4.0
2025-09-12 09:28:50,729 [INFO] WebApp:161 - Instantiating new browser for Auth
2025-09-12 09:28:50,798 [WARN] PackLoader:240 - Cannot read IP mode file for STMicroelectronics.X-CUBE-MEMS1.11.3.0
2025-09-12 09:28:50,948 [WARN] PackLoader:240 - Cannot read IP mode file for STMicroelectronics.X-CUBE-AI.9.1.0
2025-09-12 09:28:50,956 [WARN] PackLoader:240 - Cannot read IP mode file for STMicroelectronics.X-CUBE-PM33A1.1.0.0
2025-09-12 09:28:50,966 [WARN] PackLoader:240 - Cannot read IP mode file for STMicroelectronics.X-CUBE-GNSS1.6.0.0
2025-09-12 09:28:50,988 [WARN] PackLoader:240 - Cannot read IP mode file for STMicroelectronics.X-CUBE-AZRTOS-F4.1.1.0
2025-09-12 09:28:50,996 [ERROR] Engine:466 - C:\Users\sfkfa\.stm32cubemx\thirdparties\pdsc\Avnet-IotConnect.X-CUBE-IoTC-DA16k-PMOD.1.0.0.pdsc: PDSC version is not supported
2025-09-12 09:28:51,004 [WARN] PackLoader:240 - Cannot read IP mode file for STMicroelectronics.X-CUBE-ISPU.2.1.0
2025-09-12 09:28:51,013 [WARN] PackLoader:240 - Cannot read IP mode file for STMicroelectronics.X-CUBE-FREERTOS.1.2.0
2025-09-12 09:28:51,024 [WARN] PackLoader:240 - Cannot read IP mode file for STMicroelectronics.X-CUBE-NFC12.1.0.0
2025-09-12 09:28:51,049 [WARN] PackLoader:240 - Cannot read IP mode file for STMicroelectronics.X-CUBE-AZRTOS-L5.2.0.0
2025-09-12 09:28:51,075 [WARN] PackLoader:240 - Cannot read IP mode file for STMicroelectronics.X-CUBE-NFC6.3.1.0
2025-09-12 09:28:51,089 [WARN] PackLoader:240 - Cannot read IP mode file for STMicroelectronics.X-CUBE-DPower.1.2.0
2025-09-12 09:28:51,096 [WARN] PackLoader:240 - Cannot read IP mode file for STMicroelectronics.X-CUBE-AI.9.0.0
2025-09-12 09:28:51,106 [WARN] PackLoader:240 - Cannot read IP mode file for STMicroelectronics.X-CUBE-FREERTOS.1.3.1
2025-09-12 09:28:51,114 [WARN] PackLoader:240 - Cannot read IP mode file for STMicroelectronics.X-CUBE-FREERTOS.1.3.0
2025-09-12 09:28:51,126 [WARN] PackLoader:240 - Cannot read IP mode file for STMicroelectronics.X-CUBE-NFC7.1.0.1
2025-09-12 09:28:51,133 [ERROR] Engine:466 - C:\Users\sfkfa\.stm32cubemx\thirdparties\pdsc\STMicroelectronics.FP-SNS-STAIOTCFT.1.0.0.pdsc: PDSC version is not supported
2025-09-12 09:28:51,140 [WARN] PackLoader:240 - Cannot read IP mode file for STMicroelectronics.X-CUBE-DPower.1.3.0
2025-09-12 09:28:51,165 [WARN] PackLoader:240 - Cannot read IP mode file for STMicroelectronics.X-CUBE-AI.8.1.0
2025-09-12 09:28:51,192 [WARN] ConditionMgr:438 - getConditionDescription Invalid condition id : LAN8742 Phy interface Condition cause : null
2025-09-12 09:28:51,193 [WARN] PackLoader:240 - Cannot read IP mode file for STMicroelectronics.X-CUBE-AZRTOS-L4.2.0.0
2025-09-12 09:28:51,210 [WARN] ConditionMgr:1039 - genDependencies : Invalid condition id : LAN8742 Phy interface Condition cause : null
2025-09-12 09:28:51,211 [WARN] ConditionMgr:1039 - genDependencies : Invalid condition id : LAN8742 Phy interface Condition cause : null
2025-09-12 09:28:51,212 [WARN] ConditionMgr:1039 - genDependencies : Invalid condition id : LAN8742 Phy interface Condition cause : null
2025-09-12 09:28:51,225 [WARN] PackLoader:240 - Cannot read IP mode file for STMicroelectronics.X-CUBE-SFXS2LP1.4.0.0
2025-09-12 09:28:51,254 [WARN] PackLoader:240 - Cannot read IP mode file for STMicroelectronics.X-CUBE-AZRTOS-H7.3.3.0
2025-09-12 09:28:51,262 [ERROR] Engine:466 - C:\Users\sfkfa\.stm32cubemx\thirdparties\pdsc\STMicroelectronics.X-CUBE-BLEMGR.4.1.0.pdsc: PDSC version is not supported
2025-09-12 09:28:51,278 [WARN] PackLoader:240 - Cannot read IP mode file for STMicroelectronics.X-CUBE-IPS.3.0.0
2025-09-12 09:28:51,297 [WARN] ConditionMgr:438 - getConditionDescription Invalid condition id : UX DEVICE CLASS RTOS Condition cause : null
2025-09-12 09:28:51,298 [WARN] ConditionMgr:438 - getConditionDescription Invalid condition id : UX DEVICE CLASS RTOS Condition cause : null
2025-09-12 09:28:51,300 [WARN] PackLoader:240 - Cannot read IP mode file for STMicroelectronics.X-CUBE-AZRTOS-WB.2.0.0
2025-09-12 09:28:51,300 [WARN] ConditionMgr:1039 - genDependencies : Invalid condition id : UX DEVICE CLASS RTOS Condition cause : null
2025-09-12 09:28:51,300 [WARN] ConditionMgr:1039 - genDependencies : Invalid condition id : UX DEVICE CLASS RTOS Condition cause : null
2025-09-12 09:28:51,301 [WARN] ConditionMgr:1039 - genDependencies : Invalid condition id : UX DEVICE CLASS RTOS Condition cause : null
2025-09-12 09:28:51,301 [WARN] ConditionMgr:1039 - genDependencies : Invalid condition id : UX DEVICE CLASS RTOS Condition cause : null
2025-09-12 09:28:51,301 [WARN] ConditionMgr:1039 - genDependencies : Invalid condition id : UX DEVICE CLASS RTOS Condition cause : null
2025-09-12 09:28:51,308 [WARN] PackLoader:240 - Cannot read IP mode file for STMicroelectronics.X-CUBE-GNSS1.7.0.0
2025-09-12 09:28:51,315 [WARN] PackLoader:240 - Cannot read IP mode file for STMicroelectronics.X-CUBE-GNSS1.7.0.1
2025-09-12 09:28:51,321 [WARN] PackLoader:240 - Cannot read IP mode file for STMicroelectronics.X-CUBE-TOUCHGFX.4.25.0
2025-09-12 09:28:51,334 [WARN] PackLoader:240 - Cannot read IP mode file for STMicroelectronics.FP-SNS-STBOX1.2.0.0
2025-09-12 09:28:51,351 [WARN] PackLoader:240 - Cannot read IP mode file for STMicroelectronics.X-CUBE-SUBG2.5.0.0
2025-09-12 09:28:51,375 [WARN] PackLoader:240 - Cannot read IP mode file for STMicroelectronics.X-CUBE-AZRTOS-H7RS.1.1.0
2025-09-12 09:28:51,387 [WARN] PackLoader:240 - Cannot read IP mode file for Cesanta.I-CUBE-Mongoose.7.13.0
2025-09-12 09:28:51,403 [WARN] PackLoader:240 - Cannot read IP mode file for STMicroelectronics.X-CUBE-AZRTOS-G4.2.0.0
2025-09-12 09:28:51,410 [WARN] PackLoader:240 - Cannot read IP mode file for STMicroelectronics.X-CUBE-NFC7.2.0.0
2025-09-12 09:28:51,417 [WARN] PackLoader:240 - Cannot read IP mode file for STMicroelectronics.FP-SNS-MOTENVWB1.1.3.1
2025-09-12 09:28:51,422 [WARN] PackLoader:240 - Cannot read IP mode file for STMicroelectronics.X-CUBE-ISPU.2.0.0
2025-09-12 09:28:51,429 [ERROR] Engine:466 - C:\Users\sfkfa\.stm32cubemx\thirdparties\pdsc\STMicroelectronics.X-CUBE-IPS.3.1.0.pdsc: PDSC version is not supported
2025-09-12 09:28:51,434 [WARN] PackLoader:240 - Cannot read IP mode file for STMicroelectronics.X-CUBE-ALS.1.0.2
2025-09-12 09:28:51,488 [WARN] PackLoader:240 - Cannot read IP mode file for STMicroelectronics.X-CUBE-MEMS1.10.0.0
2025-09-12 09:28:51,601 [WARN] PackLoader:240 - Cannot read IP mode file for STMicroelectronics.X-CUBE-FREERTOS.1.1.0
2025-09-12 09:28:51,607 [WARN] PackLoader:240 - Cannot read IP mode file for STMicroelectronics.X-CUBE-TOUCHGFX.4.24.0
2025-09-12 09:28:51,613 [WARN] PackLoader:240 - Cannot read IP mode file for STMicroelectronics.X-CUBE-TOUCHGFX.4.24.2
2025-09-12 09:28:51,618 [WARN] PackLoader:240 - Cannot read IP mode file for STMicroelectronics.X-CUBE-TOUCHGFX.4.24.1
2025-09-12 09:28:51,627 [WARN] PackLoader:240 - Cannot read IP mode file for STMicroelectronics.X-CUBE-STSE01.1.0.0
2025-09-12 09:28:51,636 [WARN] PackLoader:240 - Cannot read IP mode file for wolfSSL.I-CUBE-wolfTPM.3.4.0
2025-09-12 09:28:51,646 [WARN] PackLoader:240 - Cannot read IP mode file for portGmbH.I-Cube-SoM-uGOAL.1.1.0
2025-09-12 09:28:51,652 [WARN] PackLoader:240 - Cannot read IP mode file for STMicroelectronics.X-CUBE-ALS.1.0.1
2025-09-12 09:28:51,668 [WARN] PackLoader:240 - Cannot read IP mode file for STMicroelectronics.X-CUBE-AZRTOS-H7RS.1.0.0
2025-09-12 09:28:51,674 [WARN] PackLoader:240 - Cannot read IP mode file for STMicroelectronics.FP-ATR-ASTRA1.2.0.0
2025-09-12 09:28:51,685 [WARN] PackLoader:240 - Cannot read IP mode file for STMicroelectronics.X-CUBE-TOF1.3.4.2
2025-09-12 09:28:51,709 [ERROR] Engine:466 - C:\Users\sfkfa\.stm32cubemx\thirdparties\pdsc\STMicroelectronics.X-CUBE-TOF1.3.4.3.pdsc: PDSC version is not supported
2025-09-12 09:28:51,720 [WARN] PackLoader:240 - Cannot read IP mode file for STMicroelectronics.X-CUBE-TOF1.3.4.1
2025-09-12 09:28:51,755 [WARN] PackLoader:240 - Cannot read IP mode file for STMicroelectronics.X-CUBE-AZRTOS-H7.3.2.0
2025-09-12 09:28:51,774 [WARN] PackLoader:240 - Cannot read IP mode file for Infineon.AIROC-Wi-Fi-Bluetooth-STM32.1.6.0
2025-09-12 09:28:51,785 [WARN] PackLoader:240 - Cannot read IP mode file for wolfSSL.I-CUBE-wolfSSH.1.4.17
2025-09-12 09:28:51,787 [INFO] ThirdParty:978 - Integrity check success = true
2025-09-12 09:28:51,787 [INFO] IntegrityCheckThread:100 - exiting critical section [integrity check]
2025-09-12 09:28:51,787 [INFO] IntegrityCheckThread:103 - End integrity checks thread
2025-09-12 09:28:51,939 [INFO] WebApp:780 - Register for checkConnection events
2025-09-12 09:28:51,939 [INFO] WebApp:414 - Apply proxy settings
2025-09-12 09:28:51,941 [INFO] WebApp:499 - Chromium requires no authentication
2025-09-12 09:28:51,957 [INFO] WebApp:442 - Direct internet connection detected
2025-09-12 09:28:52,312 [INFO] WebApp:192 - Starting web application
2025-09-12 09:28:52,312 [INFO] WebApp:544 - Web application path used C:\ST\STM32CubeIDE_1.14.0\STM32CubeIDE\plugins\com.st.stm32cube.common.mx_6.10.0.202311202037\db\plugins\mcufinder\reactClient1\index.html
2025-09-12 09:29:13,627 [ERROR] LogOutputStream:75 - [STDERR_REDIRECT] SLF4J: Failed to load class "org.slf4j.impl.StaticLoggerBinder".
2025-09-12 09:29:13,628 [ERROR] LogOutputStream:75 - [STDERR_REDIRECT] SLF4J: Defaulting to no-operation (NOP) logger implementation
2025-09-12 09:29:13,630 [ERROR] LogOutputStream:75 - [STDERR_REDIRECT] SLF4J: See http://www.slf4j.org/codes.html#StaticLoggerBinder for further details.
2025-09-12 09:32:41,913 [ERROR] LogOutputStream:75 - [STDERR_REDIRECT] 
2025-09-12 09:36:24,414 [INFO] Activator:176 - 


2025-09-12 09:36:24,417 [INFO] Activator:177 - !SESSION log4j initialized
2025-09-12 09:36:30,518 [INFO] LogOutputStream:77 - [STDOUT_REDIRECT] 
2025-09-12 09:36:31,566 [INFO] ApplicationProperties:184 - Using Application install path: C:\ST\STM32CubeIDE_1.14.0\STM32CubeIDE\plugins\com.st.stm32cube.common.mx_6.10.0.202311202037
2025-09-12 09:36:31,645 [INFO] DbMcusXml:78 - Set database path to: C:\ST\STM32CubeIDE_1.14.0\STM32CubeIDE\plugins\com.st.stm32cube.common.mx_6.10.0.202311202037\\db\/mcu/
2025-09-12 09:36:31,645 [INFO] ApiDb:274 - Set plugin database path to: C:\ST\STM32CubeIDE_1.14.0\STM32CubeIDE\plugins\com.st.stm32cube.common.mx_6.10.0.202311202037\\db\/plugins/boardmanager/
2025-09-12 09:36:31,645 [WARN] ApiDb:259 - Overriding images path with different value:  => C:\ST\STM32CubeIDE_1.14.0\STM32CubeIDE\plugins\com.st.stm32cube.common.mx_6.10.0.202311202037\\db\/plugins/mcufinder/images/
2025-09-12 09:36:31,645 [INFO] ApiDb:250 - Set database path to: C:\Users\sfkfa\.stmcufinder\plugins\mcufinder//mcu/
2025-09-12 09:36:31,645 [INFO] DbMcusAds:125 - Set database path to: C:\Users\sfkfa\.stmcufinder\plugins\mcufinder//mcu/
2025-09-12 09:36:31,645 [INFO] CrossReferenceDbSqlite:203 - Set database path to: C:\Users\sfkfa\.stmcufinder\plugins\mcufinder//mcu/cs/
2025-09-12 09:36:31,788 [INFO] RulesReader:64 - Compatibility file has been processed (297 Rules)
2025-09-12 09:36:31,914 [INFO] DbMcusXml:78 - Set database path to: C:\ST\STM32CubeIDE_1.14.0\STM32CubeIDE\plugins\com.st.stm32cube.common.mx_6.10.0.202311202037\\db\/mcu/
2025-09-12 09:36:31,914 [INFO] ApiDb:274 - Set plugin database path to: C:\ST\STM32CubeIDE_1.14.0\STM32CubeIDE\plugins\com.st.stm32cube.common.mx_6.10.0.202311202037\\db\/plugins/boardmanager/
2025-09-12 09:36:31,914 [INFO] ApiDb:261 - Set plugin images path to: C:\ST\STM32CubeIDE_1.14.0\STM32CubeIDE\plugins\com.st.stm32cube.common.mx_6.10.0.202311202037\\db\/plugins/mcufinder/images/
2025-09-12 09:36:31,914 [WARN] DbFile:41 - Overriding database path with different value: C:\Users\sfkfa\.stmcufinder\plugins\mcufinder/ => C:\Users\sfkfa\.stmcufinder\plugins\mcufinder
2025-09-12 09:36:31,914 [INFO] ApiDb:250 - Set database path to: C:\Users\sfkfa\.stmcufinder\plugins\mcufinder//mcu/
2025-09-12 09:36:31,914 [WARN] DbFile:41 - Overriding database path with different value: C:\Users\sfkfa\.stmcufinder\plugins\mcufinder/ => C:\Users\sfkfa\.stmcufinder\plugins\mcufinder
2025-09-12 09:36:31,914 [INFO] DbMcusAds:125 - Set database path to: C:\Users\sfkfa\.stmcufinder\plugins\mcufinder//mcu/
2025-09-12 09:36:31,914 [WARN] DbFile:41 - Overriding database path with different value: C:\Users\sfkfa\.stmcufinder\plugins\mcufinder/ => C:\Users\sfkfa\.stmcufinder\plugins\mcufinder
2025-09-12 09:36:31,914 [WARN] DbFile:41 - Overriding database path with different value: C:\Users\sfkfa\.stmcufinder\plugins\mcufinder/ => C:\Users\sfkfa\.stmcufinder\plugins\mcufinder
2025-09-12 09:36:31,914 [INFO] CrossReferenceDbSqlite:203 - Set database path to: C:\Users\sfkfa\.stmcufinder\plugins\mcufinder//mcu/cs/
2025-09-12 09:36:32,068 [INFO] MainPanel:264 - HeapMemory: 268435456
2025-09-12 09:36:32,229 [INFO] DbMcusXml:78 - Set database path to: C:\ST\STM32CubeIDE_1.14.0\STM32CubeIDE\plugins\com.st.stm32cube.common.mx_6.10.0.202311202037\\db\/mcu/
2025-09-12 09:36:32,231 [INFO] ApiDb:274 - Set plugin database path to: C:\ST\STM32CubeIDE_1.14.0\STM32CubeIDE\plugins\com.st.stm32cube.common.mx_6.10.0.202311202037\\db\/plugins/boardmanager/
2025-09-12 09:36:32,231 [INFO] ApiDb:261 - Set plugin images path to: C:\ST\STM32CubeIDE_1.14.0\STM32CubeIDE\plugins\com.st.stm32cube.common.mx_6.10.0.202311202037\\db\/plugins/mcufinder/images/
2025-09-12 09:36:32,231 [WARN] DbFile:41 - Overriding database path with different value: C:\Users\sfkfa\.stmcufinder\plugins\mcufinder/ => C:\Users\sfkfa\.stmcufinder\plugins\mcufinder
2025-09-12 09:36:32,231 [INFO] ApiDb:250 - Set database path to: C:\Users\sfkfa\.stmcufinder\plugins\mcufinder//mcu/
2025-09-12 09:36:32,231 [WARN] DbFile:41 - Overriding database path with different value: C:\Users\sfkfa\.stmcufinder\plugins\mcufinder/ => C:\Users\sfkfa\.stmcufinder\plugins\mcufinder
2025-09-12 09:36:32,231 [INFO] DbMcusAds:125 - Set database path to: C:\Users\sfkfa\.stmcufinder\plugins\mcufinder//mcu/
2025-09-12 09:36:32,231 [WARN] DbFile:41 - Overriding database path with different value: C:\Users\sfkfa\.stmcufinder\plugins\mcufinder/ => C:\Users\sfkfa\.stmcufinder\plugins\mcufinder
2025-09-12 09:36:32,231 [WARN] DbFile:41 - Overriding database path with different value: C:\Users\sfkfa\.stmcufinder\plugins\mcufinder/ => C:\Users\sfkfa\.stmcufinder\plugins\mcufinder
2025-09-12 09:36:32,231 [INFO] CrossReferenceDbSqlite:203 - Set database path to: C:\Users\sfkfa\.stmcufinder\plugins\mcufinder//mcu/cs/
2025-09-12 09:36:32,260 [INFO] ApplicationProperties:184 - Using Application install path: C:\ST\STM32CubeIDE_1.14.0\STM32CubeIDE\plugins\com.st.stm32cube.common.mx_6.10.0.202311202037
2025-09-12 09:36:32,263 [INFO] PluginManage:196 - Search for loadable plugins [exclusion list=, ]
2025-09-12 09:36:32,263 [INFO] PluginManage:310 - Check plugin analytics
2025-09-12 09:36:32,500 [INFO] AnalyticsPlugin:253 - Accepted Software Licenses: 
2025-09-12 09:36:32,500 [INFO] AnalyticsPlugin:255 - Accepted CMSIS Pack Licenses: 
2025-09-12 09:36:32,500 [INFO] AnalyticsPlugin:257 - Accepted Firmware Licenses: FW.F4.1.28.0,FW.L4.1.18.0
2025-09-12 09:36:32,507 [INFO] PluginManage:359 - Loaded plugin analytics (category:tool,tabindex:-1)
2025-09-12 09:36:32,508 [INFO] PluginManage:310 - Check plugin cadmodel
2025-09-12 09:36:32,516 [INFO] CADModel:105 - Init CAD model plugin
2025-09-12 09:36:32,516 [INFO] PluginManage:359 - Loaded plugin cadmodel (category:power,tabindex:5)
2025-09-12 09:36:32,516 [INFO] PluginManage:310 - Check plugin clock
2025-09-12 09:36:32,540 [INFO] PluginManage:359 - Loaded plugin clock (category:base,tabindex:2)
2025-09-12 09:36:32,540 [INFO] PluginManage:310 - Check plugin ddr
2025-09-12 09:36:32,544 [INFO] PluginManage:359 - Loaded plugin ddr (category:tool,tabindex:6)
2025-09-12 09:36:32,544 [INFO] PluginManage:310 - Check plugin filemanager
2025-09-12 09:36:32,772 [INFO] PluginManage:359 - Loaded plugin filemanager (category:base,tabindex:10)
2025-09-12 09:36:32,772 [INFO] PluginManage:310 - Check plugin ipmanager
2025-09-12 09:36:32,785 [INFO] PluginManage:359 - Loaded plugin ipmanager (category:base,tabindex:5)
2025-09-12 09:36:32,785 [INFO] PluginManage:310 - Check plugin lpbam
2025-09-12 09:36:32,800 [INFO] PluginManage:359 - Loaded plugin lpbam (category:base,tabindex:0)
2025-09-12 09:36:32,800 [INFO] PluginManage:310 - Check plugin memorymap
2025-09-12 09:36:32,824 [INFO] PluginManage:359 - Loaded plugin memorymap (category:base,tabindex:4)
2025-09-12 09:36:32,824 [INFO] PluginManage:310 - Check plugin pinoutandconfiguration
2025-09-12 09:36:32,832 [INFO] PluginManage:359 - Loaded plugin pinoutandconfiguration (category:base,tabindex:1)
2025-09-12 09:36:32,832 [INFO] PluginManage:310 - Check plugin pinoutconfig
2025-09-12 09:36:32,951 [WARN] SupportedApi:132 - Cannot load RTOS API schema: s4s-elt-must-match.1: The content of 'definitions' must match (annotation?, (simpleType | complexType)?, (unique | key | keyref)*)). A problem was found starting at: attribute.
2025-09-12 09:36:33,127 [INFO] PluginManage:359 - Loaded plugin pinoutconfig (category:base,tabindex:0)
2025-09-12 09:36:33,127 [INFO] PluginManage:310 - Check plugin power
2025-09-12 09:36:33,146 [INFO] PluginManage:359 - Loaded plugin power (category:power,tabindex:4)
2025-09-12 09:36:33,146 [INFO] PluginManage:310 - Check plugin projectmanager
2025-09-12 09:36:33,168 [INFO] PluginManage:359 - Loaded plugin projectmanager (category:projectmanager,tabindex:3)
2025-09-12 09:36:33,168 [INFO] PluginManage:310 - Check plugin thirdparty
2025-09-12 09:36:33,348 [INFO] PluginManage:359 - Loaded plugin thirdparty (category:base,tabindex:-1)
2025-09-12 09:36:33,348 [WARN] IntegrityCheckThread:84 - waiting for thirdparty lock release [integrity check]
2025-09-12 09:36:33,348 [INFO] PluginManage:310 - Check plugin tools
2025-09-12 09:36:33,348 [INFO] IntegrityCheckThread:86 - entering critical section [integrity check]
2025-09-12 09:36:33,350 [INFO] ThirdPartyUpdaterWithRetryManager:70 - Updater plugin not ready yet. [1/15]
2025-09-12 09:36:33,352 [INFO] PluginManage:359 - Loaded plugin tools (category:base,tabindex:7)
2025-09-12 09:36:33,352 [INFO] PluginManage:310 - Check plugin tutovideos
2025-09-12 09:36:33,621 [INFO] PluginManage:359 - Loaded plugin tutovideos (category:base,tabindex:-1)
2025-09-12 09:36:33,621 [INFO] PluginManage:310 - Check plugin updater
2025-09-12 09:36:33,638 [INFO] PluginManage:359 - Loaded plugin updater (category:base,tabindex:12)
2025-09-12 09:36:33,638 [INFO] PluginManage:310 - Check plugin userauth
2025-09-12 09:36:33,646 [INFO] UserAuth:114 - Init User Auth plugin
2025-09-12 09:36:33,646 [INFO] PluginManage:359 - Loaded plugin userauth (category:base,tabindex:14)
2025-09-12 09:36:33,646 [INFO] PluginManage:283 - PluginManage : Loaded plugins [17]
2025-09-12 09:36:33,999 [INFO] PinOutPanel:1499 - setPackage(No Configuration,No Configuration)
2025-09-12 09:36:34,137 [INFO] CADModel:165 - CPN selected for project level
2025-09-12 09:36:34,137 [INFO] CADModel:114 - Register for checkConnection events
2025-09-12 09:36:34,157 [INFO] IPUIPlugin:80 - create IPUIPlugin
2025-09-12 09:36:34,157 [INFO] PluginManager:220 - loadIPPluginJar : add adc
2025-09-12 09:36:34,169 [INFO] IPUIPlugin:80 - create IPUIPlugin
2025-09-12 09:36:34,169 [INFO] PluginManager:220 - loadIPPluginJar : add aes
2025-09-12 09:36:34,175 [INFO] IPUIPlugin:80 - create IPUIPlugin
2025-09-12 09:36:34,175 [INFO] PluginManager:220 - loadIPPluginJar : add can
2025-09-12 09:36:34,177 [INFO] IPUIPlugin:80 - create IPUIPlugin
2025-09-12 09:36:34,177 [INFO] PluginManager:220 - loadIPPluginJar : add comp
2025-09-12 09:36:34,181 [INFO] IPUIPlugin:80 - create IPUIPlugin
2025-09-12 09:36:34,181 [INFO] PluginManager:220 - loadIPPluginJar : add cryp
2025-09-12 09:36:34,185 [INFO] IPUIPlugin:80 - create IPUIPlugin
2025-09-12 09:36:34,185 [INFO] PluginManager:220 - loadIPPluginJar : add dfsdm
2025-09-12 09:36:34,193 [INFO] IPUIPlugin:80 - create IPUIPlugin
2025-09-12 09:36:34,193 [INFO] PluginManager:220 - loadIPPluginJar : add dma
2025-09-12 09:36:34,195 [INFO] IPUIPlugin:80 - create IPUIPlugin
2025-09-12 09:36:34,197 [INFO] PluginManager:220 - loadIPPluginJar : add dma3
2025-09-12 09:36:34,197 [INFO] IPUIPlugin:80 - create IPUIPlugin
2025-09-12 09:36:34,197 [INFO] PluginManager:220 - loadIPPluginJar : add fatfs
2025-09-12 09:36:34,201 [INFO] IPUIPlugin:80 - create IPUIPlugin
2025-09-12 09:36:34,201 [INFO] PluginManager:220 - loadIPPluginJar : add fmc
2025-09-12 09:36:34,210 [INFO] IPUIPlugin:80 - create IPUIPlugin
2025-09-12 09:36:34,210 [INFO] PluginManager:220 - loadIPPluginJar : add freertos
2025-09-12 09:36:34,212 [INFO] IPUIPlugin:80 - create IPUIPlugin
2025-09-12 09:36:34,212 [INFO] PluginManager:220 - loadIPPluginJar : add genericplugin
2025-09-12 09:36:34,216 [INFO] IPUIPlugin:80 - create IPUIPlugin
2025-09-12 09:36:34,216 [INFO] PluginManager:220 - loadIPPluginJar : add gfxmmu
2025-09-12 09:36:34,222 [INFO] IPUIPlugin:80 - create IPUIPlugin
2025-09-12 09:36:34,222 [INFO] PluginManager:220 - loadIPPluginJar : add gic
2025-09-12 09:36:34,225 [INFO] IPUIPlugin:80 - create IPUIPlugin
2025-09-12 09:36:34,225 [INFO] PluginManager:220 - loadIPPluginJar : add gpio
2025-09-12 09:36:34,234 [INFO] IPUIPlugin:80 - create IPUIPlugin
2025-09-12 09:36:34,234 [INFO] PluginManager:220 - loadIPPluginJar : add gtzc
2025-09-12 09:36:34,237 [INFO] IPUIPlugin:80 - create IPUIPlugin
2025-09-12 09:36:34,237 [INFO] PluginManager:220 - loadIPPluginJar : add hash
2025-09-12 09:36:34,237 [INFO] IPUIPlugin:80 - create IPUIPlugin
2025-09-12 09:36:34,237 [INFO] PluginManager:220 - loadIPPluginJar : add i2c
2025-09-12 09:36:34,237 [INFO] IPUIPlugin:80 - create IPUIPlugin
2025-09-12 09:36:34,237 [INFO] PluginManager:220 - loadIPPluginJar : add i2s
2025-09-12 09:36:34,248 [INFO] IPUIPlugin:80 - create IPUIPlugin
2025-09-12 09:36:34,248 [INFO] PluginManager:220 - loadIPPluginJar : add i3c
2025-09-12 09:36:34,253 [INFO] IPUIPlugin:80 - create IPUIPlugin
2025-09-12 09:36:34,253 [INFO] PluginManager:220 - loadIPPluginJar : add ipddr
2025-09-12 09:36:34,260 [INFO] IPUIPlugin:80 - create IPUIPlugin
2025-09-12 09:36:34,260 [INFO] PluginManager:220 - loadIPPluginJar : add linkedlist
2025-09-12 09:36:34,264 [INFO] IPUIPlugin:80 - create IPUIPlugin
2025-09-12 09:36:34,264 [INFO] PluginManager:220 - loadIPPluginJar : add lorawan
2025-09-12 09:36:34,264 [INFO] IPUIPlugin:80 - create IPUIPlugin
2025-09-12 09:36:34,268 [INFO] PluginManager:220 - loadIPPluginJar : add ltdc
2025-09-12 09:36:34,275 [INFO] IPUIPlugin:80 - create IPUIPlugin
2025-09-12 09:36:34,277 [INFO] PluginManager:220 - loadIPPluginJar : add mdma
2025-09-12 09:36:34,283 [INFO] IPUIPlugin:80 - create IPUIPlugin
2025-09-12 09:36:34,283 [INFO] PluginManager:220 - loadIPPluginJar : add nvic
2025-09-12 09:36:34,287 [INFO] IPUIPlugin:80 - create IPUIPlugin
2025-09-12 09:36:34,287 [INFO] PluginManager:220 - loadIPPluginJar : add opamp
2025-09-12 09:36:34,292 [INFO] IPUIPlugin:80 - create IPUIPlugin
2025-09-12 09:36:34,294 [INFO] PluginManager:220 - loadIPPluginJar : add openamp
2025-09-12 09:36:34,299 [INFO] IPUIPlugin:80 - create IPUIPlugin
2025-09-12 09:36:34,299 [INFO] PluginManager:220 - loadIPPluginJar : add pdm2pcm
2025-09-12 09:36:34,311 [INFO] IPUIPlugin:80 - create IPUIPlugin
2025-09-12 09:36:34,311 [INFO] PluginManager:220 - loadIPPluginJar : add plateformsettings
2025-09-12 09:36:34,311 [INFO] IPUIPlugin:80 - create IPUIPlugin
2025-09-12 09:36:34,311 [INFO] PluginManager:220 - loadIPPluginJar : add quadspi
2025-09-12 09:36:34,311 [INFO] IPUIPlugin:80 - create IPUIPlugin
2025-09-12 09:36:34,311 [INFO] PluginManager:220 - loadIPPluginJar : add resmgrutility
2025-09-12 09:36:34,311 [INFO] IPUIPlugin:80 - create IPUIPlugin
2025-09-12 09:36:34,327 [INFO] PluginManager:220 - loadIPPluginJar : add sai
2025-09-12 09:36:34,332 [INFO] IPUIPlugin:80 - create IPUIPlugin
2025-09-12 09:36:34,332 [INFO] PluginManager:220 - loadIPPluginJar : add spi
2025-09-12 09:36:34,339 [INFO] IPUIPlugin:80 - create IPUIPlugin
2025-09-12 09:36:34,339 [INFO] PluginManager:220 - loadIPPluginJar : add stm32_wpan
2025-09-12 09:36:34,343 [INFO] IPUIPlugin:80 - create IPUIPlugin
2025-09-12 09:36:34,343 [INFO] PluginManager:220 - loadIPPluginJar : add tim
2025-09-12 09:36:34,349 [INFO] IPUIPlugin:80 - create IPUIPlugin
2025-09-12 09:36:34,349 [INFO] PluginManager:220 - loadIPPluginJar : add touchsensing
2025-09-12 09:36:34,349 [INFO] IPUIPlugin:80 - create IPUIPlugin
2025-09-12 09:36:34,349 [INFO] PluginManager:220 - loadIPPluginJar : add tracer_emb
2025-09-12 09:36:34,352 [INFO] IPUIPlugin:80 - create IPUIPlugin
2025-09-12 09:36:34,352 [INFO] PluginManager:220 - loadIPPluginJar : add ts
2025-09-12 09:36:34,352 [INFO] IPUIPlugin:80 - create IPUIPlugin
2025-09-12 09:36:34,352 [INFO] PluginManager:220 - loadIPPluginJar : add tsc
2025-09-12 09:36:34,352 [INFO] IPUIPlugin:80 - create IPUIPlugin
2025-09-12 09:36:34,352 [INFO] PluginManager:220 - loadIPPluginJar : add ucpd
2025-09-12 09:36:34,362 [INFO] IPUIPlugin:80 - create IPUIPlugin
2025-09-12 09:36:34,362 [INFO] PluginManager:220 - loadIPPluginJar : add usart
2025-09-12 09:36:34,366 [INFO] IPUIPlugin:80 - create IPUIPlugin
2025-09-12 09:36:34,366 [INFO] PluginManager:220 - loadIPPluginJar : add usbx
2025-09-12 09:36:34,538 [INFO] CADModel:165 - CPN selected for project level
2025-09-12 09:36:34,538 [INFO] CADModel:114 - Register for checkConnection events
2025-09-12 09:36:34,538 [FATAL] Updater:308 - Updater called before beeing initialized
2025-09-12 09:36:34,538 [ERROR] CADModel:125 - Updater not yet initialized, retry later 
2025-09-12 09:36:34,771 [INFO] CADModel:165 - CPN selected for project level
2025-09-12 09:36:34,771 [INFO] CADModel:114 - Register for checkConnection events
2025-09-12 09:36:34,771 [FATAL] Updater:308 - Updater called before beeing initialized
2025-09-12 09:36:34,771 [ERROR] CADModel:125 - Updater not yet initialized, retry later 
2025-09-12 09:36:34,777 [FATAL] Updater:308 - Updater called before beeing initialized
2025-09-12 09:36:34,945 [FATAL] Updater:308 - Updater called before beeing initialized
2025-09-12 09:36:34,961 [INFO] DbMcusAds:53 - JSON generation date=Tue Jul 08 13:44:23 IST 2025 (1751962463582)
2025-09-12 09:36:34,961 [FATAL] Updater:308 - Updater called before beeing initialized
2025-09-12 09:36:34,995 [WARN] DetailPanel:346 - Failed to get advertising image, set to default
2025-09-12 09:36:35,121 [FATAL] Updater:308 - Updater called before beeing initialized
2025-09-12 09:36:35,121 [FATAL] Updater:308 - Updater called before beeing initialized
2025-09-12 09:36:35,121 [FATAL] Updater:308 - Updater called before beeing initialized
2025-09-12 09:36:35,124 [WARN] DetailPanel:346 - Failed to get advertising image, set to default
2025-09-12 09:36:35,124 [FATAL] Updater:308 - Updater called before beeing initialized
2025-09-12 09:36:35,205 [ERROR] Updater:1120 - MainUpdater not yet initialized. External WinMGr cannot be set.
2025-09-12 09:36:35,205 [INFO] Updater:1056 - Updater Version found : 6.10.0
2025-09-12 09:36:35,235 [INFO] ApplicationProperties:184 - Using Application install path: C:\ST\STM32CubeIDE_1.14.0\STM32CubeIDE\plugins\com.st.stm32cube.common.mx_6.10.0.202311202037
2025-09-12 09:36:35,564 [INFO] MainUpdater:2873 - connection check result : 10
2025-09-12 09:36:35,564 [INFO] MainUpdater:290 - Updater Check For Update Now.
2025-09-12 09:36:35,564 [INFO] MicroXplorer:498 - Change Database Version : DB.6.0.100
2025-09-12 09:36:35,573 [INFO] McuFinderGlobals:63 - Set McuFinder mode to 2 (CubeIDE integrated)
2025-09-12 09:36:35,774 [INFO] CheckServerUpdateThread:120 - End of CheckServer Thread
2025-09-12 09:36:35,784 [INFO] UserAuth:404 - Internet connection configuration mode: 1
2025-09-12 09:36:35,799 [INFO] JxBrowserEngine:152 - Initiate JxBrowser Engine with user profile folder
2025-09-12 09:36:36,657 [INFO] WebApp:161 - Instantiating new browser for Auth
2025-09-12 09:36:36,819 [WARN] PackLoader:240 - Cannot read IP mode file for STMicroelectronics.FP-SNS-MOTENVWB1.1.4.0
2025-09-12 09:36:36,836 [WARN] PackLoader:240 - Cannot read IP mode file for STMicroelectronics.FP-ATR-ASTRA1.2.0.2
2025-09-12 09:36:36,847 [WARN] PackLoader:240 - Cannot read IP mode file for STMicroelectronics.FP-ATR-ASTRA1.2.0.1
2025-09-12 09:36:36,867 [WARN] PackLoader:240 - Cannot read IP mode file for STMicroelectronics.X-CUBE-SMBUS.2.1.0
2025-09-12 09:36:36,885 [WARN] PackLoader:240 - Cannot read IP mode file for STMicroelectronics.X-CUBE-WB05N.1.1.0
2025-09-12 09:36:36,892 [ERROR] Engine:466 - C:\Users\sfkfa\.stm32cubemx\thirdparties\pdsc\STMicroelectronics.X-CUBE-ST60.1.0.0.pdsc: PDSC version is not supported
2025-09-12 09:36:36,902 [WARN] PackLoader:240 - Cannot read IP mode file for STMicroelectronics.X-CUBE-TOUCHGFX.4.23.1
2025-09-12 09:36:36,951 [WARN] PackLoader:240 - Cannot read IP mode file for STMicroelectronics.X-CUBE-AZRTOS-F7.1.1.0
2025-09-12 09:36:36,966 [WARN] PackLoader:240 - Cannot read IP mode file for STMicroelectronics.FP-SNS-MOTENV1.4.3.2
2025-09-12 09:36:37,048 [WARN] PackLoader:240 - Cannot read IP mode file for STMicroelectronics.X-CUBE-MEMS1.11.0.0
2025-09-12 09:36:37,269 [WARN] PackLoader:240 - Cannot read IP mode file for STMicroelectronics.FP-SNS-FLIGHT1.5.0.2
2025-09-12 09:36:37,303 [WARN] PackLoader:240 - Cannot read IP mode file for STMicroelectronics.X-CUBE-AZRTOS-H7.3.4.0
2025-09-12 09:36:37,318 [WARN] PackLoader:240 - Cannot read IP mode file for STMicroelectronics.X-CUBE-DISPLAY.3.0.0
2025-09-12 09:36:37,332 [WARN] PackLoader:240 - Cannot read IP mode file for STMicroelectronics.X-CUBE-BLE1.7.0.0
2025-09-12 09:36:37,344 [WARN] PackLoader:240 - Cannot read IP mode file for STMicroelectronics.X-CUBE-NFC10.1.0.0
2025-09-12 09:36:37,358 [WARN] PackLoader:240 - Cannot read IP mode file for STMicroelectronics.X-CUBE-BLEMGR.4.0.0
2025-09-12 09:36:37,370 [WARN] PackLoader:240 - Cannot read IP mode file for emotas.I-CUBE-CANOPEN.1.3.0
2025-09-12 09:36:37,382 [WARN] PackLoader:240 - Cannot read IP mode file for STMicroelectronics.X-CUBE-BLEMGR.3.1.0
2025-09-12 09:36:37,394 [WARN] PackLoader:240 - Cannot read IP mode file for STMicroelectronics.X-CUBE-AI.10.0.0
2025-09-12 09:36:37,400 [ERROR] Engine:466 - C:\Users\sfkfa\.stm32cubemx\thirdparties\pdsc\STMicroelectronics.FP-SNS-STBOX1.2.1.0.pdsc: PDSC version is not supported
2025-09-12 09:36:37,412 [WARN] PackLoader:240 - Cannot read IP mode file for STMicroelectronics.FP-SNS-SMARTAG2.1.2.0
2025-09-12 09:36:37,418 [ERROR] Engine:466 - C:\Users\sfkfa\.stm32cubemx\thirdparties\pdsc\STMicroelectronics.FP-SNS-FLIGHT1.5.1.0.pdsc: PDSC version is not supported
2025-09-12 09:36:37,491 [WARN] PackLoader:240 - Cannot read IP mode file for STMicroelectronics.X-CUBE-MEMS1.11.1.0
2025-09-12 09:36:37,640 [INFO] LogOutputStream:77 - [STDOUT_REDIRECT] 1 : Invalid condition id : UX_CORESTACK_Condition cause : null
2025-09-12 09:36:37,640 [INFO] LogOutputStream:77 - [STDOUT_REDIRECT] 1 : Invalid condition id : UX_CORESTACK_Condition cause : null
2025-09-12 09:36:37,644 [INFO] LogOutputStream:77 - [STDOUT_REDIRECT] 1 : Invalid condition id : UX_CORESTACK_Condition cause : null
2025-09-12 09:36:37,645 [INFO] LogOutputStream:77 - [STDOUT_REDIRECT] 1 : Invalid condition id : UX_CORESTACK_Condition cause : null
2025-09-12 09:36:37,645 [INFO] LogOutputStream:77 - [STDOUT_REDIRECT] 1 : Invalid condition id : UX_CORESTACK_Condition cause : null
2025-09-12 09:36:37,645 [WARN] PackLoader:240 - Cannot read IP mode file for STMicroelectronics.X-CUBE-AZRTOS-WL.2.0.0
2025-09-12 09:36:37,654 [WARN] PackLoader:240 - Cannot read IP mode file for STMicroelectronics.FP-SNS-MOTENV1.5.0.0
2025-09-12 09:36:37,664 [WARN] PackLoader:240 - Cannot read IP mode file for wolfSSL.I-CUBE-wolfMQTT.1.19.0
2025-09-12 09:36:37,674 [WARN] PackLoader:240 - Cannot read IP mode file for WES.I-CUBE-Cesium.1.3.0
2025-09-12 09:36:37,678 [WARN] PackLoader:240 - Cannot read IP mode file for STMicroelectronics.X-CUBE-BLE2.3.3.0
2025-09-12 09:36:37,682 [WARN] PackLoader:240 - Cannot read IP mode file for STMicroelectronics.X-CUBE-NFC9.1.0.0
2025-09-12 09:36:37,697 [WARN] PackLoader:240 - Cannot read IP mode file for STMicroelectronics.X-CUBE-BLE1.7.1.0
2025-09-12 09:36:37,707 [WARN] PackLoader:240 - Cannot read IP mode file for STMicroelectronics.X-CUBE-TCPP.4.1.0
2025-09-12 09:36:37,715 [WARN] PackLoader:240 - Cannot read IP mode file for STMicroelectronics.X-CUBE-EEPRMA1.5.2.0
2025-09-12 09:36:37,729 [WARN] PackLoader:240 - Cannot read IP mode file for STMicroelectronics.X-CUBE-ALGOBUILD.1.3.0
2025-09-12 09:36:37,788 [WARN] PackLoader:240 - Cannot read IP mode file for STMicroelectronics.X-CUBE-MEMS1.11.2.0
2025-09-12 09:36:37,799 [INFO] WebApp:780 - Register for checkConnection events
2025-09-12 09:36:37,799 [INFO] WebApp:414 - Apply proxy settings
2025-09-12 09:36:37,799 [INFO] WebApp:499 - Chromium requires no authentication
2025-09-12 09:36:37,816 [INFO] WebApp:442 - Direct internet connection detected
2025-09-12 09:36:37,943 [WARN] PackLoader:240 - Cannot read IP mode file for STMicroelectronics.X-CUBE-AZRTOS-G0.1.1.0
2025-09-12 09:36:37,955 [WARN] PackLoader:240 - Cannot read IP mode file for STMicroelectronics.X-CUBE-SAFEA1.1.2.2
2025-09-12 09:36:37,964 [WARN] PackLoader:240 - Cannot read IP mode file for STMicroelectronics.X-CUBE-NFC4.3.0.0
2025-09-12 09:36:37,979 [WARN] PackLoader:240 - Cannot read IP mode file for EmbeddedOffice.I-CUBE-FS-RTOS.1.0.1
2025-09-12 09:36:37,981 [ERROR] ConditionMgr:805 - Attr not supported : Dmpu
2025-09-12 09:36:37,981 [ERROR] ConditionMgr:805 - Attr not supported : Dmpu
2025-09-12 09:36:37,981 [ERROR] ConditionMgr:805 - Attr not supported : Dmpu
2025-09-12 09:36:37,981 [ERROR] ConditionMgr:805 - Attr not supported : Dmpu
2025-09-12 09:36:37,981 [ERROR] ConditionMgr:805 - Attr not supported : Dmpu
2025-09-12 09:36:37,981 [ERROR] ConditionMgr:805 - Attr not supported : Dmpu
2025-09-12 09:36:37,981 [ERROR] ConditionMgr:805 - Attr not supported : Dmpu
2025-09-12 09:36:37,981 [ERROR] ConditionMgr:805 - Attr not supported : Dmpu
2025-09-12 09:36:37,981 [ERROR] ConditionMgr:805 - Attr not supported : Dmpu
2025-09-12 09:36:37,981 [ERROR] ConditionMgr:805 - Attr not supported : Dmpu
2025-09-12 09:36:37,981 [ERROR] ConditionMgr:805 - Attr not supported : Dmpu
2025-09-12 09:36:37,981 [ERROR] ConditionMgr:805 - Attr not supported : Dmpu
2025-09-12 09:36:37,981 [ERROR] ConditionMgr:805 - Attr not supported : Dmpu
2025-09-12 09:36:37,981 [ERROR] ConditionMgr:805 - Attr not supported : Dmpu
2025-09-12 09:36:37,981 [ERROR] ConditionMgr:805 - Attr not supported : Dmpu
2025-09-12 09:36:37,981 [ERROR] ConditionMgr:805 - Attr not supported : Dmpu
2025-09-12 09:36:37,981 [ERROR] ConditionMgr:805 - Attr not supported : Dmpu
2025-09-12 09:36:37,981 [ERROR] ConditionMgr:805 - Attr not supported : Dmpu
2025-09-12 09:36:37,981 [ERROR] ConditionMgr:805 - Attr not supported : Dmpu
2025-09-12 09:36:37,981 [ERROR] ConditionMgr:805 - Attr not supported : Dmpu
2025-09-12 09:36:37,983 [ERROR] ConditionMgr:805 - Attr not supported : Dmpu
2025-09-12 09:36:37,983 [ERROR] ConditionMgr:805 - Attr not supported : Dmpu
2025-09-12 09:36:37,983 [ERROR] ConditionMgr:805 - Attr not supported : Dmpu
2025-09-12 09:36:37,983 [ERROR] ConditionMgr:805 - Attr not supported : Dmpu
2025-09-12 09:36:37,983 [ERROR] ConditionMgr:805 - Attr not supported : Dmpu
2025-09-12 09:36:37,983 [ERROR] ConditionMgr:805 - Attr not supported : Dmpu
2025-09-12 09:36:37,983 [ERROR] ConditionMgr:805 - Attr not supported : Dmpu
2025-09-12 09:36:37,983 [ERROR] ConditionMgr:805 - Attr not supported : Dmpu
2025-09-12 09:36:37,983 [ERROR] ConditionMgr:805 - Attr not supported : Dmpu
2025-09-12 09:36:37,983 [ERROR] ConditionMgr:805 - Attr not supported : Dmpu
2025-09-12 09:36:37,983 [ERROR] ConditionMgr:805 - Attr not supported : Dmpu
2025-09-12 09:36:37,983 [ERROR] ConditionMgr:805 - Attr not supported : Dmpu
2025-09-12 09:36:37,983 [ERROR] ConditionMgr:805 - Attr not supported : Dmpu
2025-09-12 09:36:37,983 [ERROR] ConditionMgr:805 - Attr not supported : Dmpu
2025-09-12 09:36:37,983 [ERROR] ConditionMgr:805 - Attr not supported : Dmpu
2025-09-12 09:36:37,983 [ERROR] ConditionMgr:805 - Attr not supported : Dmpu
2025-09-12 09:36:37,983 [ERROR] ConditionMgr:805 - Attr not supported : Dmpu
2025-09-12 09:36:37,983 [ERROR] ConditionMgr:805 - Attr not supported : Dmpu
2025-09-12 09:36:37,983 [ERROR] ConditionMgr:805 - Attr not supported : Dmpu
2025-09-12 09:36:37,983 [ERROR] ConditionMgr:805 - Attr not supported : Dmpu
2025-09-12 09:36:37,985 [ERROR] ConditionMgr:805 - Attr not supported : Dmpu
2025-09-12 09:36:37,985 [ERROR] ConditionMgr:805 - Attr not supported : Dmpu
2025-09-12 09:36:37,985 [ERROR] ConditionMgr:805 - Attr not supported : Dmpu
2025-09-12 09:36:37,985 [ERROR] ConditionMgr:805 - Attr not supported : Dmpu
2025-09-12 09:36:37,985 [ERROR] ConditionMgr:805 - Attr not supported : Dmpu
2025-09-12 09:36:37,985 [ERROR] ConditionMgr:805 - Attr not supported : Dmpu
2025-09-12 09:36:37,985 [ERROR] ConditionMgr:805 - Attr not supported : Dmpu
2025-09-12 09:36:37,985 [ERROR] ConditionMgr:805 - Attr not supported : Dmpu
2025-09-12 09:36:37,985 [ERROR] ConditionMgr:805 - Attr not supported : Dmpu
2025-09-12 09:36:37,985 [ERROR] ConditionMgr:805 - Attr not supported : Dmpu
2025-09-12 09:36:37,985 [ERROR] ConditionMgr:805 - Attr not supported : Dmpu
2025-09-12 09:36:37,985 [ERROR] ConditionMgr:805 - Attr not supported : Dmpu
2025-09-12 09:36:37,985 [ERROR] ConditionMgr:805 - Attr not supported : Dmpu
2025-09-12 09:36:37,985 [ERROR] ConditionMgr:805 - Attr not supported : Dmpu
2025-09-12 09:36:37,985 [ERROR] ConditionMgr:805 - Attr not supported : Dmpu
2025-09-12 09:36:37,985 [ERROR] ConditionMgr:805 - Attr not supported : Dmpu
2025-09-12 09:36:37,985 [ERROR] ConditionMgr:805 - Attr not supported : Dmpu
2025-09-12 09:36:37,985 [ERROR] ConditionMgr:805 - Attr not supported : Dmpu
2025-09-12 09:36:37,985 [ERROR] ConditionMgr:805 - Attr not supported : Dmpu
2025-09-12 09:36:37,985 [ERROR] ConditionMgr:805 - Attr not supported : Dmpu
2025-09-12 09:36:37,985 [ERROR] ConditionMgr:805 - Attr not supported : Dmpu
2025-09-12 09:36:37,985 [ERROR] ConditionMgr:805 - Attr not supported : Dmpu
2025-09-12 09:36:37,985 [ERROR] ConditionMgr:805 - Attr not supported : Dmpu
2025-09-12 09:36:37,985 [ERROR] ConditionMgr:805 - Attr not supported : Dmpu
2025-09-12 09:36:37,993 [WARN] PackLoader:240 - Cannot read IP mode file for STMicroelectronics.X-CUBE-WB05N.2.0.0
2025-09-12 09:36:38,005 [WARN] PackLoader:240 - Cannot read IP mode file for STMicroelectronics.X-CUBE-BLEMGR.3.0.0
2025-09-12 09:36:38,010 [ERROR] Engine:466 - C:\Users\sfkfa\.stm32cubemx\thirdparties\pdsc\STMicroelectronics.X-CUBE-TCPP.4.2.0.pdsc: PDSC version is not supported
2025-09-12 09:36:38,019 [WARN] PackLoader:240 - Cannot read IP mode file for RealThread.X-CUBE-RT-Thread_Nano.4.1.1
2025-09-12 09:36:38,025 [WARN] PackLoader:240 - Cannot read IP mode file for wolfSSL.I-CUBE-wolfSSL.5.7.0
2025-09-12 09:36:38,030 [WARN] PackLoader:240 - Cannot read IP mode file for STMicroelectronics.FP-ATR-SIGFOX1.3.2.0
2025-09-12 09:36:38,039 [WARN] ConditionMgr:438 - getConditionDescription Invalid condition id : Cortex-A Device cause : null
2025-09-12 09:36:38,058 [WARN] ConditionMgr:1039 - genDependencies : Invalid condition id : Cortex-A Device cause : null
2025-09-12 09:36:38,058 [WARN] ConditionMgr:1039 - genDependencies : Invalid condition id : Cortex-A Device cause : null
2025-09-12 09:36:38,058 [WARN] ConditionMgr:1039 - genDependencies : Invalid condition id : Cortex-A Device cause : null
2025-09-12 09:36:38,064 [WARN] PackLoader:240 - Cannot read IP mode file for STMicroelectronics.X-CUBE-EEPRMA1.5.1.0
2025-09-12 09:36:38,078 [WARN] PackLoader:240 - Cannot read IP mode file for ITTIA_DB.I-CUBE-ITTIADB.8.9.0
2025-09-12 09:36:38,086 [ERROR] Engine:466 - C:\Users\sfkfa\.stm32cubemx\thirdparties\pdsc\STMicroelectronics.X-CUBE-ST67W61.1.0.0.pdsc: PDSC version is not supported
2025-09-12 09:36:38,092 [WARN] PackLoader:240 - Cannot read IP mode file for STMicroelectronics.X-CUBE-AI.10.2.0
2025-09-12 09:36:38,130 [WARN] PackLoader:240 - Cannot read IP mode file for SEGGER.I-CUBE-embOS.1.3.1
2025-09-12 09:36:38,151 [INFO] WebApp:192 - Starting web application
2025-09-12 09:36:38,151 [INFO] WebApp:544 - Web application path used C:\ST\STM32CubeIDE_1.14.0\STM32CubeIDE\plugins\com.st.stm32cube.common.mx_6.10.0.202311202037\db\plugins\mcufinder\reactClient1\index.html
2025-09-12 09:36:38,195 [WARN] PackLoader:240 - Cannot read IP mode file for STMicroelectronics.X-CUBE-ALGOBUILD.1.4.0
2025-09-12 09:36:38,271 [WARN] PackLoader:240 - Cannot read IP mode file for STMicroelectronics.X-CUBE-MEMS1.11.3.0
2025-09-12 09:36:38,454 [WARN] PackLoader:240 - Cannot read IP mode file for STMicroelectronics.X-CUBE-AI.9.1.0
2025-09-12 09:36:38,461 [WARN] PackLoader:240 - Cannot read IP mode file for STMicroelectronics.X-CUBE-PM33A1.1.0.0
2025-09-12 09:36:38,471 [WARN] PackLoader:240 - Cannot read IP mode file for STMicroelectronics.X-CUBE-GNSS1.6.0.0
2025-09-12 09:36:38,493 [WARN] PackLoader:240 - Cannot read IP mode file for STMicroelectronics.X-CUBE-AZRTOS-F4.1.1.0
2025-09-12 09:36:38,500 [ERROR] Engine:466 - C:\Users\sfkfa\.stm32cubemx\thirdparties\pdsc\Avnet-IotConnect.X-CUBE-IoTC-DA16k-PMOD.1.0.0.pdsc: PDSC version is not supported
2025-09-12 09:36:38,506 [WARN] PackLoader:240 - Cannot read IP mode file for STMicroelectronics.X-CUBE-ISPU.2.1.0
2025-09-12 09:36:38,516 [WARN] PackLoader:240 - Cannot read IP mode file for STMicroelectronics.X-CUBE-FREERTOS.1.2.0
2025-09-12 09:36:38,526 [WARN] PackLoader:240 - Cannot read IP mode file for STMicroelectronics.X-CUBE-NFC12.1.0.0
2025-09-12 09:36:38,558 [WARN] PackLoader:240 - Cannot read IP mode file for STMicroelectronics.X-CUBE-AZRTOS-L5.2.0.0
2025-09-12 09:36:38,573 [WARN] PackLoader:240 - Cannot read IP mode file for STMicroelectronics.X-CUBE-NFC6.3.1.0
2025-09-12 09:36:38,592 [WARN] PackLoader:240 - Cannot read IP mode file for STMicroelectronics.X-CUBE-DPower.1.2.0
2025-09-12 09:36:38,599 [WARN] PackLoader:240 - Cannot read IP mode file for STMicroelectronics.X-CUBE-AI.9.0.0
2025-09-12 09:36:38,606 [WARN] PackLoader:240 - Cannot read IP mode file for STMicroelectronics.X-CUBE-FREERTOS.1.3.1
2025-09-12 09:36:38,613 [WARN] PackLoader:240 - Cannot read IP mode file for STMicroelectronics.X-CUBE-FREERTOS.1.3.0
2025-09-12 09:36:38,622 [WARN] PackLoader:240 - Cannot read IP mode file for STMicroelectronics.X-CUBE-NFC7.1.0.1
2025-09-12 09:36:38,628 [ERROR] Engine:466 - C:\Users\sfkfa\.stm32cubemx\thirdparties\pdsc\STMicroelectronics.FP-SNS-STAIOTCFT.1.0.0.pdsc: PDSC version is not supported
2025-09-12 09:36:38,634 [WARN] PackLoader:240 - Cannot read IP mode file for STMicroelectronics.X-CUBE-DPower.1.3.0
2025-09-12 09:36:38,641 [WARN] PackLoader:240 - Cannot read IP mode file for STMicroelectronics.X-CUBE-AI.8.1.0
2025-09-12 09:36:38,663 [WARN] ConditionMgr:438 - getConditionDescription Invalid condition id : LAN8742 Phy interface Condition cause : null
2025-09-12 09:36:38,665 [WARN] PackLoader:240 - Cannot read IP mode file for STMicroelectronics.X-CUBE-AZRTOS-L4.2.0.0
2025-09-12 09:36:38,666 [WARN] ConditionMgr:1039 - genDependencies : Invalid condition id : LAN8742 Phy interface Condition cause : null
2025-09-12 09:36:38,666 [WARN] ConditionMgr:1039 - genDependencies : Invalid condition id : LAN8742 Phy interface Condition cause : null
2025-09-12 09:36:38,667 [WARN] ConditionMgr:1039 - genDependencies : Invalid condition id : LAN8742 Phy interface Condition cause : null
2025-09-12 09:36:38,679 [WARN] PackLoader:240 - Cannot read IP mode file for STMicroelectronics.X-CUBE-SFXS2LP1.4.0.0
2025-09-12 09:36:38,706 [WARN] PackLoader:240 - Cannot read IP mode file for STMicroelectronics.X-CUBE-AZRTOS-H7.3.3.0
2025-09-12 09:36:38,717 [ERROR] Engine:466 - C:\Users\sfkfa\.stm32cubemx\thirdparties\pdsc\STMicroelectronics.X-CUBE-BLEMGR.4.1.0.pdsc: PDSC version is not supported
2025-09-12 09:36:38,734 [WARN] PackLoader:240 - Cannot read IP mode file for STMicroelectronics.X-CUBE-IPS.3.0.0
2025-09-12 09:36:38,754 [WARN] ConditionMgr:438 - getConditionDescription Invalid condition id : UX DEVICE CLASS RTOS Condition cause : null
2025-09-12 09:36:38,754 [WARN] ConditionMgr:438 - getConditionDescription Invalid condition id : UX DEVICE CLASS RTOS Condition cause : null
2025-09-12 09:36:38,757 [WARN] PackLoader:240 - Cannot read IP mode file for STMicroelectronics.X-CUBE-AZRTOS-WB.2.0.0
2025-09-12 09:36:38,758 [WARN] ConditionMgr:1039 - genDependencies : Invalid condition id : UX DEVICE CLASS RTOS Condition cause : null
2025-09-12 09:36:38,758 [WARN] ConditionMgr:1039 - genDependencies : Invalid condition id : UX DEVICE CLASS RTOS Condition cause : null
2025-09-12 09:36:38,759 [WARN] ConditionMgr:1039 - genDependencies : Invalid condition id : UX DEVICE CLASS RTOS Condition cause : null
2025-09-12 09:36:38,759 [WARN] ConditionMgr:1039 - genDependencies : Invalid condition id : UX DEVICE CLASS RTOS Condition cause : null
2025-09-12 09:36:38,759 [WARN] ConditionMgr:1039 - genDependencies : Invalid condition id : UX DEVICE CLASS RTOS Condition cause : null
2025-09-12 09:36:38,767 [WARN] PackLoader:240 - Cannot read IP mode file for STMicroelectronics.X-CUBE-GNSS1.7.0.0
2025-09-12 09:36:38,776 [WARN] PackLoader:240 - Cannot read IP mode file for STMicroelectronics.X-CUBE-GNSS1.7.0.1
2025-09-12 09:36:38,783 [WARN] PackLoader:240 - Cannot read IP mode file for STMicroelectronics.X-CUBE-TOUCHGFX.4.25.0
2025-09-12 09:36:38,792 [WARN] PackLoader:240 - Cannot read IP mode file for STMicroelectronics.FP-SNS-STBOX1.2.0.0
2025-09-12 09:36:38,808 [WARN] PackLoader:240 - Cannot read IP mode file for STMicroelectronics.X-CUBE-SUBG2.5.0.0
2025-09-12 09:36:38,835 [WARN] PackLoader:240 - Cannot read IP mode file for STMicroelectronics.X-CUBE-AZRTOS-H7RS.1.1.0
2025-09-12 09:36:38,846 [WARN] PackLoader:240 - Cannot read IP mode file for Cesanta.I-CUBE-Mongoose.7.13.0
2025-09-12 09:36:38,868 [WARN] PackLoader:240 - Cannot read IP mode file for STMicroelectronics.X-CUBE-AZRTOS-G4.2.0.0
2025-09-12 09:36:38,877 [WARN] PackLoader:240 - Cannot read IP mode file for STMicroelectronics.X-CUBE-NFC7.2.0.0
2025-09-12 09:36:38,884 [WARN] PackLoader:240 - Cannot read IP mode file for STMicroelectronics.FP-SNS-MOTENVWB1.1.3.1
2025-09-12 09:36:38,890 [WARN] PackLoader:240 - Cannot read IP mode file for STMicroelectronics.X-CUBE-ISPU.2.0.0
2025-09-12 09:36:38,900 [ERROR] Engine:466 - C:\Users\sfkfa\.stm32cubemx\thirdparties\pdsc\STMicroelectronics.X-CUBE-IPS.3.1.0.pdsc: PDSC version is not supported
2025-09-12 09:36:38,908 [WARN] PackLoader:240 - Cannot read IP mode file for STMicroelectronics.X-CUBE-ALS.1.0.2
2025-09-12 09:36:38,960 [WARN] PackLoader:240 - Cannot read IP mode file for STMicroelectronics.X-CUBE-MEMS1.10.0.0
2025-09-12 09:36:39,074 [WARN] PackLoader:240 - Cannot read IP mode file for STMicroelectronics.X-CUBE-FREERTOS.1.1.0
2025-09-12 09:36:39,081 [WARN] PackLoader:240 - Cannot read IP mode file for STMicroelectronics.X-CUBE-TOUCHGFX.4.24.0
2025-09-12 09:36:39,085 [WARN] PackLoader:240 - Cannot read IP mode file for STMicroelectronics.X-CUBE-TOUCHGFX.4.24.2
2025-09-12 09:36:39,090 [WARN] PackLoader:240 - Cannot read IP mode file for STMicroelectronics.X-CUBE-TOUCHGFX.4.24.1
2025-09-12 09:36:39,099 [WARN] PackLoader:240 - Cannot read IP mode file for STMicroelectronics.X-CUBE-STSE01.1.0.0
2025-09-12 09:36:39,107 [WARN] PackLoader:240 - Cannot read IP mode file for wolfSSL.I-CUBE-wolfTPM.3.4.0
2025-09-12 09:36:39,117 [WARN] PackLoader:240 - Cannot read IP mode file for portGmbH.I-Cube-SoM-uGOAL.1.1.0
2025-09-12 09:36:39,123 [WARN] PackLoader:240 - Cannot read IP mode file for STMicroelectronics.X-CUBE-ALS.1.0.1
2025-09-12 09:36:39,140 [WARN] PackLoader:240 - Cannot read IP mode file for STMicroelectronics.X-CUBE-AZRTOS-H7RS.1.0.0
2025-09-12 09:36:39,146 [WARN] PackLoader:240 - Cannot read IP mode file for STMicroelectronics.FP-ATR-ASTRA1.2.0.0
2025-09-12 09:36:39,159 [WARN] PackLoader:240 - Cannot read IP mode file for STMicroelectronics.X-CUBE-TOF1.3.4.2
2025-09-12 09:36:39,175 [ERROR] Engine:466 - C:\Users\sfkfa\.stm32cubemx\thirdparties\pdsc\STMicroelectronics.X-CUBE-TOF1.3.4.3.pdsc: PDSC version is not supported
2025-09-12 09:36:39,188 [WARN] PackLoader:240 - Cannot read IP mode file for STMicroelectronics.X-CUBE-TOF1.3.4.1
2025-09-12 09:36:39,217 [WARN] PackLoader:240 - Cannot read IP mode file for STMicroelectronics.X-CUBE-AZRTOS-H7.3.2.0
2025-09-12 09:36:39,235 [WARN] PackLoader:240 - Cannot read IP mode file for Infineon.AIROC-Wi-Fi-Bluetooth-STM32.1.6.0
2025-09-12 09:36:39,247 [WARN] PackLoader:240 - Cannot read IP mode file for wolfSSL.I-CUBE-wolfSSH.1.4.17
2025-09-12 09:36:39,248 [INFO] ThirdParty:978 - Integrity check success = true
2025-09-12 09:36:39,248 [INFO] IntegrityCheckThread:100 - exiting critical section [integrity check]
2025-09-12 09:36:39,248 [INFO] IntegrityCheckThread:103 - End integrity checks thread
2025-09-12 09:36:59,272 [ERROR] LogOutputStream:75 - [STDERR_REDIRECT] SLF4J: Failed to load class "org.slf4j.impl.StaticLoggerBinder".
2025-09-12 09:36:59,273 [ERROR] LogOutputStream:75 - [STDERR_REDIRECT] SLF4J: Defaulting to no-operation (NOP) logger implementation
2025-09-12 09:36:59,275 [ERROR] LogOutputStream:75 - [STDERR_REDIRECT] SLF4J: See http://www.slf4j.org/codes.html#StaticLoggerBinder for further details.
2025-09-12 11:07:49,987 [ERROR] LogOutputStream:75 - [STDERR_REDIRECT] 
2025-09-12 11:10:27,975 [INFO] Activator:176 - 


2025-09-12 11:10:27,975 [INFO] Activator:177 - !SESSION log4j initialized
2025-09-12 11:10:33,435 [INFO] LogOutputStream:77 - [STDOUT_REDIRECT] 
